{"/Users/inmo/Documents/Projects/weather30react/src/components/UI/SkeletonLoader/Skeleton.tsx": {"path":"/Users/inmo/Documents/Projects/weather30react/src/components/UI/SkeletonLoader/Skeleton.tsx","statementMap":{"0":{"start":{"line":1,"column":17},"end":{"line":8,"column":1}},"1":{"start":{"line":2,"column":1},"end":{"line":7,"column":3}},"2":{"start":{"line":10,"column":0},"end":{"line":10,"column":24}}},"fnMap":{"0":{"name":"(anonymous_0)","decl":{"start":{"line":1,"column":17},"end":{"line":1,"column":20}},"loc":{"start":{"line":1,"column":22},"end":{"line":8,"column":1}}}},"branchMap":{},"s":{"0":1,"1":7,"2":1},"f":{"0":7},"b":{}}
,"/Users/inmo/Documents/Projects/weather30react/src/components/UI/SvgScale/SvgScale.tsx": {"path":"/Users/inmo/Documents/Projects/weather30react/src/components/UI/SvgScale/SvgScale.tsx","statementMap":{"0":{"start":{"line":17,"column":42},"end":{"line":77,"column":1}},"1":{"start":{"line":18,"column":20},"end":{"line":18,"column":22}},"2":{"start":{"line":19,"column":19},"end":{"line":24,"column":3}},"3":{"start":{"line":25,"column":20},"end":{"line":25,"column":43}},"4":{"start":{"line":27,"column":29},"end":{"line":27,"column":58}},"5":{"start":{"line":33,"column":22},"end":{"line":41,"column":5}},"6":{"start":{"line":43,"column":1},"end":{"line":76,"column":3}},"7":{"start":{"line":53,"column":20},"end":{"line":53,"column":48}},"8":{"start":{"line":54,"column":25},"end":{"line":54,"column":56}},"9":{"start":{"line":55,"column":6},"end":{"line":55,"column":79}},"10":{"start":{"line":79,"column":0},"end":{"line":79,"column":24}}},"fnMap":{"0":{"name":"(anonymous_0)","decl":{"start":{"line":17,"column":42},"end":{"line":17,"column":43}},"loc":{"start":{"line":17,"column":61},"end":{"line":77,"column":1}}},"1":{"name":"(anonymous_1)","decl":{"start":{"line":52,"column":22},"end":{"line":52,"column":23}},"loc":{"start":{"line":52,"column":39},"end":{"line":56,"column":6}}}},"branchMap":{"0":{"loc":{"start":{"line":25,"column":20},"end":{"line":25,"column":43}},"type":"cond-expr","locations":[{"start":{"line":25,"column":37},"end":{"line":25,"column":38}},{"start":{"line":25,"column":41},"end":{"line":25,"column":43}}]},"1":{"loc":{"start":{"line":33,"column":22},"end":{"line":41,"column":5}},"type":"cond-expr","locations":[{"start":{"line":34,"column":4},"end":{"line":39,"column":null}},{"start":{"line":41,"column":4},"end":{"line":41,"column":5}}]}},"s":{"0":1,"1":12,"2":12,"3":12,"4":12,"5":12,"6":12,"7":33,"8":33,"9":33,"10":1},"f":{"0":12,"1":33},"b":{"0":[3,9],"1":[12,0]}}
}
