{"/Users/inmo/Documents/Projects/weather30react/src/api/index.ts": {"path":"/Users/inmo/Documents/Projects/weather30react/src/api/index.ts","statementMap":{"0":{"start":{"line":1,"column":0},"end":{"line":1,"column":45}},"1":{"start":{"line":2,"column":0},"end":{"line":2,"column":48}},"2":{"start":{"line":3,"column":0},"end":{"line":3,"column":45}},"3":{"start":{"line":5,"column":15},"end":{"line":5,"column":25}},"4":{"start":{"line":17,"column":34},"end":{"line":28,"column":1}},"5":{"start":{"line":18,"column":1},"end":{"line":18,"column":43}},"6":{"start":{"line":18,"column":33},"end":{"line":18,"column":43}},"7":{"start":{"line":19,"column":1},"end":{"line":27,"column":2}},"8":{"start":{"line":20,"column":56},"end":{"line":21,"column":null}},"9":{"start":{"line":24,"column":2},"end":{"line":24,"column":23}},"10":{"start":{"line":26,"column":2},"end":{"line":26,"column":12}},"11":{"start":{"line":17,"column":13},"end":{"line":17,"column":34}},"12":{"start":{"line":30,"column":13},"end":{"line":30,"column":77}}},"fnMap":{"0":{"name":"(anonymous_1)","decl":{"start":{"line":17,"column":34},"end":{"line":17,"column":39}},"loc":{"start":{"line":17,"column":94},"end":{"line":28,"column":1}}}},"branchMap":{"0":{"loc":{"start":{"line":18,"column":1},"end":{"line":18,"column":43}},"type":"if","locations":[{"start":{"line":18,"column":1},"end":{"line":18,"column":43}}]},"1":{"loc":{"start":{"line":18,"column":5},"end":{"line":18,"column":31}},"type":"binary-expr","locations":[{"start":{"line":18,"column":5},"end":{"line":18,"column":11}},{"start":{"line":18,"column":15},"end":{"line":18,"column":31}}]}},"s":{"0":1,"1":1,"2":1,"3":1,"4":1,"5":0,"6":0,"7":0,"8":0,"9":0,"10":0,"11":1,"12":1},"f":{"0":0},"b":{"0":[0],"1":[0,0]}}
,"/Users/inmo/Documents/Projects/weather30react/src/api/weatherApi.ts": {"path":"/Users/inmo/Documents/Projects/weather30react/src/api/weatherApi.ts","statementMap":{"0":{"start":{"line":1,"column":0},"end":{"line":1,"column":26}},"1":{"start":{"line":3,"column":0},"end":{"line":3,"column":48}},"2":{"start":{"line":8,"column":12},"end":{"line":8,"column":22}},"3":{"start":{"line":21,"column":28},"end":{"line":32,"column":1}},"4":{"start":{"line":22,"column":18},"end":{"line":22,"column":42}},"5":{"start":{"line":23,"column":18},"end":{"line":23,"column":66}},"6":{"start":{"line":24,"column":16},"end":{"line":24,"column":45}},"7":{"start":{"line":25,"column":1},"end":{"line":31,"column":2}},"8":{"start":{"line":26,"column":19},"end":{"line":26,"column":56}},"9":{"start":{"line":27,"column":2},"end":{"line":27,"column":23}},"10":{"start":{"line":29,"column":2},"end":{"line":29,"column":55}},"11":{"start":{"line":30,"column":2},"end":{"line":30,"column":14}},"12":{"start":{"line":21,"column":13},"end":{"line":21,"column":28}}},"fnMap":{"0":{"name":"(anonymous_1)","decl":{"start":{"line":21,"column":28},"end":{"line":21,"column":33}},"loc":{"start":{"line":21,"column":83},"end":{"line":32,"column":1}}}},"branchMap":{"0":{"loc":{"start":{"line":23,"column":35},"end":{"line":23,"column":64}},"type":"cond-expr","locations":[{"start":{"line":23,"column":46},"end":{"line":23,"column":54}},{"start":{"line":23,"column":57},"end":{"line":23,"column":64}}]},"1":{"loc":{"start":{"line":24,"column":16},"end":{"line":24,"column":45}},"type":"cond-expr","locations":[{"start":{"line":24,"column":27},"end":{"line":24,"column":38}},{"start":{"line":24,"column":41},"end":{"line":24,"column":45}}]}},"s":{"0":2,"1":2,"2":2,"3":2,"4":6,"5":6,"6":6,"7":6,"8":6,"9":3,"10":4,"11":4,"12":2},"f":{"0":6},"b":{"0":[3,3],"1":[3,3]}}
,"/Users/inmo/Documents/Projects/weather30react/src/components/Sidebar/CityName.tsx": {"path":"/Users/inmo/Documents/Projects/weather30react/src/components/Sidebar/CityName.tsx","statementMap":{"0":{"start":{"line":1,"column":0},"end":{"line":1,"column":54}},"1":{"start":{"line":2,"column":0},"end":{"line":2,"column":34}},"2":{"start":{"line":3,"column":0},"end":{"line":3,"column":44}},"3":{"start":{"line":11,"column":24},"end":{"line":30,"column":1}},"4":{"start":{"line":12,"column":57},"end":{"line":12,"column":70}},"5":{"start":{"line":14,"column":1},"end":{"line":29,"column":3}},"6":{"start":{"line":11,"column":13},"end":{"line":11,"column":24}},"7":{"start":{"line":32,"column":0},"end":{"line":32,"column":37}}},"fnMap":{"0":{"name":"(anonymous_1)","decl":{"start":{"line":11,"column":24},"end":{"line":11,"column":27}},"loc":{"start":{"line":11,"column":29},"end":{"line":30,"column":1}}}},"branchMap":{},"s":{"0":2,"1":2,"2":2,"3":2,"4":2,"5":2,"6":2,"7":2},"f":{"0":2},"b":{}}
,"/Users/inmo/Documents/Projects/weather30react/src/components/Sidebar/Controls.tsx": {"path":"/Users/inmo/Documents/Projects/weather30react/src/components/Sidebar/Controls.tsx","statementMap":{"0":{"start":{"line":1,"column":0},"end":{"line":1,"column":57}},"1":{"start":{"line":2,"column":0},"end":{"line":2,"column":55}},"2":{"start":{"line":3,"column":0},"end":{"line":3,"column":50}},"3":{"start":{"line":4,"column":0},"end":{"line":4,"column":43}},"4":{"start":{"line":17,"column":17},"end":{"line":29,"column":1}},"5":{"start":{"line":18,"column":31},"end":{"line":18,"column":41}},"6":{"start":{"line":19,"column":38},"end":{"line":19,"column":49}},"7":{"start":{"line":21,"column":1},"end":{"line":28,"column":3}},"8":{"start":{"line":31,"column":0},"end":{"line":31,"column":27}},"9":{"start":{"line":32,"column":0},"end":{"line":32,"column":34}},"10":{"start":{"line":34,"column":0},"end":{"line":34,"column":24}}},"fnMap":{"0":{"name":"(anonymous_1)","decl":{"start":{"line":17,"column":17},"end":{"line":17,"column":20}},"loc":{"start":{"line":17,"column":22},"end":{"line":29,"column":1}}}},"branchMap":{},"s":{"0":1,"1":1,"2":1,"3":1,"4":1,"5":0,"6":0,"7":0,"8":1,"9":1,"10":1},"f":{"0":0},"b":{}}
,"/Users/inmo/Documents/Projects/weather30react/src/components/Sidebar/MainWeather.tsx": {"path":"/Users/inmo/Documents/Projects/weather30react/src/components/Sidebar/MainWeather.tsx","statementMap":{"0":{"start":{"line":1,"column":0},"end":{"line":1,"column":70}},"1":{"start":{"line":3,"column":0},"end":{"line":3,"column":45}},"2":{"start":{"line":4,"column":0},"end":{"line":4,"column":43}},"3":{"start":{"line":5,"column":0},"end":{"line":5,"column":44}},"4":{"start":{"line":6,"column":0},"end":{"line":6,"column":48}},"5":{"start":{"line":17,"column":27},"end":{"line":42,"column":1}},"6":{"start":{"line":22,"column":1},"end":{"line":41,"column":3}},"7":{"start":{"line":17,"column":13},"end":{"line":17,"column":27}},"8":{"start":{"line":44,"column":0},"end":{"line":44,"column":30}},"9":{"start":{"line":45,"column":0},"end":{"line":45,"column":28}},"10":{"start":{"line":47,"column":0},"end":{"line":47,"column":77}}},"fnMap":{"0":{"name":"(anonymous_1)","decl":{"start":{"line":17,"column":27},"end":{"line":17,"column":28}},"loc":{"start":{"line":21,"column":5},"end":{"line":42,"column":1}}}},"branchMap":{},"s":{"0":1,"1":1,"2":1,"3":1,"4":1,"5":1,"6":0,"7":1,"8":1,"9":1,"10":1},"f":{"0":0},"b":{}}
,"/Users/inmo/Documents/Projects/weather30react/src/components/Sidebar/MainWeatherIcon.tsx": {"path":"/Users/inmo/Documents/Projects/weather30react/src/components/Sidebar/MainWeatherIcon.tsx","statementMap":{"0":{"start":{"line":1,"column":0},"end":{"line":1,"column":40}},"1":{"start":{"line":2,"column":0},"end":{"line":2,"column":74}},"2":{"start":{"line":4,"column":0},"end":{"line":4,"column":44}},"3":{"start":{"line":6,"column":24},"end":{"line":6,"column":76}},"4":{"start":{"line":6,"column":40},"end":{"line":6,"column":75}},"5":{"start":{"line":7,"column":31},"end":{"line":7,"column":90}},"6":{"start":{"line":7,"column":47},"end":{"line":7,"column":89}},"7":{"start":{"line":8,"column":26},"end":{"line":8,"column":80}},"8":{"start":{"line":8,"column":42},"end":{"line":8,"column":79}},"9":{"start":{"line":9,"column":33},"end":{"line":9,"column":94}},"10":{"start":{"line":9,"column":49},"end":{"line":9,"column":93}},"11":{"start":{"line":10,"column":24},"end":{"line":10,"column":76}},"12":{"start":{"line":10,"column":40},"end":{"line":10,"column":75}},"13":{"start":{"line":30,"column":31},"end":{"line":55,"column":1}},"14":{"start":{"line":31,"column":33},"end":{"line":31,"column":37}},"15":{"start":{"line":34,"column":41},"end":{"line":45,"column":3}},"16":{"start":{"line":48,"column":28},"end":{"line":48,"column":81}},"17":{"start":{"line":50,"column":1},"end":{"line":54,"column":3}},"18":{"start":{"line":30,"column":13},"end":{"line":30,"column":31}},"19":{"start":{"line":57,"column":0},"end":{"line":57,"column":85}}},"fnMap":{"0":{"name":"(anonymous_7)","decl":{"start":{"line":6,"column":35},"end":{"line":6,"column":38}},"loc":{"start":{"line":6,"column":40},"end":{"line":6,"column":75}}},"1":{"name":"(anonymous_8)","decl":{"start":{"line":6,"column":40},"end":{"line":6,"column":48}},"loc":{"start":{"line":6,"column":40},"end":{"line":6,"column":75}}},"2":{"name":"(anonymous_9)","decl":{"start":{"line":7,"column":42},"end":{"line":7,"column":45}},"loc":{"start":{"line":7,"column":47},"end":{"line":7,"column":89}}},"3":{"name":"(anonymous_10)","decl":{"start":{"line":7,"column":47},"end":{"line":7,"column":55}},"loc":{"start":{"line":7,"column":47},"end":{"line":7,"column":89}}},"4":{"name":"(anonymous_11)","decl":{"start":{"line":8,"column":37},"end":{"line":8,"column":40}},"loc":{"start":{"line":8,"column":42},"end":{"line":8,"column":79}}},"5":{"name":"(anonymous_12)","decl":{"start":{"line":8,"column":42},"end":{"line":8,"column":50}},"loc":{"start":{"line":8,"column":42},"end":{"line":8,"column":79}}},"6":{"name":"(anonymous_13)","decl":{"start":{"line":9,"column":44},"end":{"line":9,"column":47}},"loc":{"start":{"line":9,"column":49},"end":{"line":9,"column":93}}},"7":{"name":"(anonymous_14)","decl":{"start":{"line":9,"column":49},"end":{"line":9,"column":57}},"loc":{"start":{"line":9,"column":49},"end":{"line":9,"column":93}}},"8":{"name":"(anonymous_15)","decl":{"start":{"line":10,"column":35},"end":{"line":10,"column":38}},"loc":{"start":{"line":10,"column":40},"end":{"line":10,"column":75}}},"9":{"name":"(anonymous_16)","decl":{"start":{"line":10,"column":40},"end":{"line":10,"column":48}},"loc":{"start":{"line":10,"column":40},"end":{"line":10,"column":75}}},"10":{"name":"(anonymous_17)","decl":{"start":{"line":30,"column":31},"end":{"line":30,"column":32}},"loc":{"start":{"line":30,"column":68},"end":{"line":55,"column":1}}}},"branchMap":{"0":{"loc":{"start":{"line":48,"column":28},"end":{"line":48,"column":81}},"type":"binary-expr","locations":[{"start":{"line":48,"column":28},"end":{"line":48,"column":52}},{"start":{"line":48,"column":56},"end":{"line":48,"column":81}}]}},"s":{"0":1,"1":1,"2":1,"3":1,"4":0,"5":1,"6":0,"7":1,"8":0,"9":1,"10":0,"11":1,"12":0,"13":1,"14":0,"15":0,"16":0,"17":0,"18":1,"19":1},"f":{"0":0,"1":0,"2":0,"3":0,"4":0,"5":0,"6":0,"7":0,"8":0,"9":0,"10":0},"b":{"0":[0,0]}}
,"/Users/inmo/Documents/Projects/weather30react/src/components/Sidebar/Sidebar.tsx": {"path":"/Users/inmo/Documents/Projects/weather30react/src/components/Sidebar/Sidebar.tsx","statementMap":{"0":{"start":{"line":1,"column":0},"end":{"line":1,"column":41}},"1":{"start":{"line":2,"column":0},"end":{"line":2,"column":66}},"2":{"start":{"line":3,"column":0},"end":{"line":3,"column":34}},"3":{"start":{"line":4,"column":0},"end":{"line":4,"column":55}},"4":{"start":{"line":6,"column":16},"end":{"line":28,"column":1}},"5":{"start":{"line":7,"column":61},"end":{"line":7,"column":80}},"6":{"start":{"line":9,"column":1},"end":{"line":27,"column":3}},"7":{"start":{"line":30,"column":0},"end":{"line":30,"column":23}}},"fnMap":{"0":{"name":"(anonymous_1)","decl":{"start":{"line":6,"column":16},"end":{"line":6,"column":19}},"loc":{"start":{"line":6,"column":21},"end":{"line":28,"column":1}}}},"branchMap":{"0":{"loc":{"start":{"line":17,"column":4},"end":{"line":17,"column":28}},"type":"binary-expr","locations":[{"start":{"line":17,"column":4},"end":{"line":17,"column":16}},{"start":{"line":17,"column":20},"end":{"line":17,"column":28}}]}},"s":{"0":1,"1":1,"2":1,"3":1,"4":1,"5":0,"6":0,"7":1},"f":{"0":0},"b":{"0":[0,0]}}
,"/Users/inmo/Documents/Projects/weather30react/src/components/Sidebar/UserCityList/UserCityList.tsx": {"path":"/Users/inmo/Documents/Projects/weather30react/src/components/Sidebar/UserCityList/UserCityList.tsx","statementMap":{"0":{"start":{"line":1,"column":0},"end":{"line":1,"column":37}},"1":{"start":{"line":3,"column":0},"end":{"line":3,"column":64}},"2":{"start":{"line":4,"column":0},"end":{"line":4,"column":69}},"3":{"start":{"line":5,"column":0},"end":{"line":5,"column":46}},"4":{"start":{"line":6,"column":0},"end":{"line":6,"column":50}},"5":{"start":{"line":18,"column":47},"end":{"line":53,"column":1}},"6":{"start":{"line":19,"column":60},"end":{"line":19,"column":73}},"7":{"start":{"line":20,"column":41},"end":{"line":20,"column":60}},"8":{"start":{"line":23,"column":1},"end":{"line":52,"column":3}},"9":{"start":{"line":40,"column":6},"end":{"line":41,"column":null}},"10":{"start":{"line":18,"column":13},"end":{"line":18,"column":47}},"11":{"start":{"line":55,"column":0},"end":{"line":55,"column":31}},"12":{"start":{"line":56,"column":0},"end":{"line":56,"column":29}},"13":{"start":{"line":58,"column":0},"end":{"line":58,"column":28}}},"fnMap":{"0":{"name":"(anonymous_1)","decl":{"start":{"line":18,"column":47},"end":{"line":18,"column":50}},"loc":{"start":{"line":18,"column":52},"end":{"line":53,"column":1}}},"1":{"name":"(anonymous_2)","decl":{"start":{"line":39,"column":18},"end":{"line":39,"column":19}},"loc":{"start":{"line":40,"column":6},"end":{"line":41,"column":null}}}},"branchMap":{"0":{"loc":{"start":{"line":28,"column":4},"end":{"line":35,"column":null}},"type":"binary-expr","locations":[{"start":{"line":28,"column":4},"end":{"line":28,"column":23}},{"start":{"line":29,"column":4},"end":{"line":34,"column":null}}]},"1":{"loc":{"start":{"line":32,"column":28},"end":{"line":32,"column":57}},"type":"cond-expr","locations":[{"start":{"line":32,"column":44},"end":{"line":32,"column":52}},{"start":{"line":32,"column":55},"end":{"line":32,"column":57}}]},"2":{"loc":{"start":{"line":38,"column":5},"end":{"line":48,"column":null}},"type":"cond-expr","locations":[{"start":{"line":39,"column":5},"end":{"line":46,"column":7}},{"start":{"line":48,"column":5},"end":{"line":48,"column":38}}]}},"s":{"0":1,"1":1,"2":1,"3":1,"4":1,"5":1,"6":1,"7":1,"8":1,"9":0,"10":1,"11":1,"12":1,"13":1},"f":{"0":1,"1":0},"b":{"0":[1,0],"1":[0,0],"2":[0,1]}}
,"/Users/inmo/Documents/Projects/weather30react/src/components/Sidebar/UserCityList/UserCityListItem.tsx": {"path":"/Users/inmo/Documents/Projects/weather30react/src/components/Sidebar/UserCityList/UserCityListItem.tsx","statementMap":{"0":{"start":{"line":2,"column":0},"end":{"line":2,"column":40}},"1":{"start":{"line":3,"column":0},"end":{"line":3,"column":41}},"2":{"start":{"line":4,"column":0},"end":{"line":4,"column":64}},"3":{"start":{"line":5,"column":0},"end":{"line":5,"column":70}},"4":{"start":{"line":6,"column":0},"end":{"line":6,"column":69}},"5":{"start":{"line":7,"column":0},"end":{"line":7,"column":54}},"6":{"start":{"line":8,"column":0},"end":{"line":8,"column":59}},"7":{"start":{"line":9,"column":0},"end":{"line":9,"column":37}},"8":{"start":{"line":10,"column":0},"end":{"line":10,"column":41}},"9":{"start":{"line":21,"column":25},"end":{"line":74,"column":1}},"10":{"start":{"line":29,"column":19},"end":{"line":33,"column":null}},"11":{"start":{"line":36,"column":57},"end":{"line":36,"column":79}},"12":{"start":{"line":37,"column":24},"end":{"line":37,"column":37}},"13":{"start":{"line":39,"column":2},"end":{"line":41,"column":31}},"14":{"start":{"line":43,"column":29},"end":{"line":46,"column":2}},"15":{"start":{"line":44,"column":2},"end":{"line":44,"column":25}},"16":{"start":{"line":45,"column":2},"end":{"line":45,"column":49}},"17":{"start":{"line":48,"column":41},"end":{"line":48,"column":60}},"18":{"start":{"line":50,"column":1},"end":{"line":73,"column":3}},"19":{"start":{"line":56,"column":23},"end":{"line":56,"column":57}},"20":{"start":{"line":76,"column":0},"end":{"line":76,"column":42}}},"fnMap":{"0":{"name":"(anonymous_1)","decl":{"start":{"line":21,"column":25},"end":{"line":21,"column":26}},"loc":{"start":{"line":28,"column":29},"end":{"line":74,"column":1}}},"1":{"name":"(anonymous_2)","decl":{"start":{"line":43,"column":29},"end":{"line":43,"column":30}},"loc":{"start":{"line":43,"column":76},"end":{"line":46,"column":2}}},"2":{"name":"(anonymous_3)","decl":{"start":{"line":56,"column":12},"end":{"line":56,"column":13}},"loc":{"start":{"line":56,"column":23},"end":{"line":56,"column":57}}}},"branchMap":{"0":{"loc":{"start":{"line":36,"column":57},"end":{"line":36,"column":79}},"type":"binary-expr","locations":[{"start":{"line":36,"column":57},"end":{"line":36,"column":73}},{"start":{"line":36,"column":77},"end":{"line":36,"column":79}}]},"1":{"loc":{"start":{"line":39,"column":2},"end":{"line":41,"column":31}},"type":"binary-expr","locations":[{"start":{"line":39,"column":2},"end":{"line":39,"column":44}},{"start":{"line":40,"column":2},"end":{"line":40,"column":31}},{"start":{"line":41,"column":2},"end":{"line":41,"column":31}}]},"2":{"loc":{"start":{"line":39,"column":5},"end":{"line":39,"column":43}},"type":"binary-expr","locations":[{"start":{"line":39,"column":5},"end":{"line":39,"column":8}},{"start":{"line":39,"column":12},"end":{"line":39,"column":15}},{"start":{"line":39,"column":19},"end":{"line":39,"column":29}},{"start":{"line":39,"column":33},"end":{"line":39,"column":43}}]},"3":{"loc":{"start":{"line":54,"column":4},"end":{"line":54,"column":21}},"type":"binary-expr","locations":[{"start":{"line":54,"column":4},"end":{"line":54,"column":9}},{"start":{"line":54,"column":13},"end":{"line":54,"column":21}}]},"4":{"loc":{"start":{"line":61,"column":6},"end":{"line":61,"column":64}},"type":"cond-expr","locations":[{"start":{"line":61,"column":14},"end":{"line":61,"column":59}},{"start":{"line":61,"column":62},"end":{"line":61,"column":64}}]},"5":{"loc":{"start":{"line":69,"column":41},"end":{"line":69,"column":94}},"type":"cond-expr","locations":[{"start":{"line":69,"column":54},"end":{"line":69,"column":68}},{"start":{"line":69,"column":71},"end":{"line":69,"column":94}}]}},"s":{"0":1,"1":1,"2":1,"3":1,"4":1,"5":1,"6":1,"7":1,"8":1,"9":1,"10":0,"11":0,"12":0,"13":0,"14":0,"15":0,"16":0,"17":0,"18":0,"19":0,"20":1},"f":{"0":0,"1":0,"2":0},"b":{"0":[0,0],"1":[0,0,0],"2":[0,0,0,0],"3":[0,0],"4":[0,0],"5":[0,0]}}
,"/Users/inmo/Documents/Projects/weather30react/src/components/UI/Button.tsx": {"path":"/Users/inmo/Documents/Projects/weather30react/src/components/UI/Button.tsx","statementMap":{"0":{"start":{"line":1,"column":0},"end":{"line":1,"column":61}},"1":{"start":{"line":3,"column":0},"end":{"line":3,"column":51}},"2":{"start":{"line":4,"column":0},"end":{"line":4,"column":36}},"3":{"start":{"line":6,"column":20},"end":{"line":35,"column":2}},"4":{"start":{"line":41,"column":15},"end":{"line":43,"column":2}},"5":{"start":{"line":42,"column":1},"end":{"line":42,"column":88}},"6":{"start":{"line":45,"column":0},"end":{"line":45,"column":22}}},"fnMap":{"0":{"name":"(anonymous_0)","decl":{"start":{"line":41,"column":20},"end":{"line":41,"column":21}},"loc":{"start":{"line":41,"column":77},"end":{"line":43,"column":1}}}},"branchMap":{},"s":{"0":2,"1":2,"2":2,"3":2,"4":2,"5":2,"6":2},"f":{"0":2},"b":{}}
,"/Users/inmo/Documents/Projects/weather30react/src/components/UI/ControlToggler.tsx": {"path":"/Users/inmo/Documents/Projects/weather30react/src/components/UI/ControlToggler.tsx","statementMap":{"0":{"start":{"line":1,"column":0},"end":{"line":1,"column":53}},"1":{"start":{"line":2,"column":0},"end":{"line":2,"column":41}},"2":{"start":{"line":6,"column":24},"end":{"line":11,"column":2}},"3":{"start":{"line":19,"column":23},"end":{"line":71,"column":1}},"4":{"start":{"line":20,"column":20},"end":{"line":20,"column":52}},"5":{"start":{"line":22,"column":2},"end":{"line":22,"column":82}},"6":{"start":{"line":23,"column":20},"end":{"line":23,"column":96}},"7":{"start":{"line":25,"column":1},"end":{"line":39,"column":2}},"8":{"start":{"line":26,"column":2},"end":{"line":30,"column":3}},"9":{"start":{"line":27,"column":3},"end":{"line":27,"column":31}},"10":{"start":{"line":29,"column":3},"end":{"line":29,"column":32}},"11":{"start":{"line":31,"column":8},"end":{"line":39,"column":2}},"12":{"start":{"line":32,"column":2},"end":{"line":36,"column":3}},"13":{"start":{"line":33,"column":3},"end":{"line":33,"column":31}},"14":{"start":{"line":35,"column":3},"end":{"line":35,"column":32}},"15":{"start":{"line":38,"column":2},"end":{"line":38,"column":30}},"16":{"start":{"line":41,"column":1},"end":{"line":70,"column":3}},"17":{"start":{"line":73,"column":0},"end":{"line":73,"column":30}}},"fnMap":{"0":{"name":"(anonymous_0)","decl":{"start":{"line":19,"column":23},"end":{"line":19,"column":24}},"loc":{"start":{"line":19,"column":78},"end":{"line":71,"column":1}}}},"branchMap":{"0":{"loc":{"start":{"line":22,"column":2},"end":{"line":22,"column":82}},"type":"cond-expr","locations":[{"start":{"line":22,"column":24},"end":{"line":22,"column":49}},{"start":{"line":22,"column":52},"end":{"line":22,"column":82}}]},"1":{"loc":{"start":{"line":23,"column":20},"end":{"line":23,"column":96}},"type":"cond-expr","locations":[{"start":{"line":23,"column":42},"end":{"line":23,"column":66}},{"start":{"line":23,"column":69},"end":{"line":23,"column":96}}]},"2":{"loc":{"start":{"line":25,"column":1},"end":{"line":39,"column":2}},"type":"if","locations":[{"start":{"line":25,"column":1},"end":{"line":39,"column":2}},{"start":{"line":31,"column":8},"end":{"line":39,"column":2}}]},"3":{"loc":{"start":{"line":26,"column":2},"end":{"line":30,"column":3}},"type":"if","locations":[{"start":{"line":26,"column":2},"end":{"line":30,"column":3}},{"start":{"line":28,"column":9},"end":{"line":30,"column":3}}]},"4":{"loc":{"start":{"line":31,"column":8},"end":{"line":39,"column":2}},"type":"if","locations":[{"start":{"line":31,"column":8},"end":{"line":39,"column":2}},{"start":{"line":37,"column":8},"end":{"line":39,"column":2}}]},"5":{"loc":{"start":{"line":32,"column":2},"end":{"line":36,"column":3}},"type":"if","locations":[{"start":{"line":32,"column":2},"end":{"line":36,"column":3}},{"start":{"line":34,"column":9},"end":{"line":36,"column":3}}]},"6":{"loc":{"start":{"line":49,"column":5},"end":{"line":49,"column":77}},"type":"cond-expr","locations":[{"start":{"line":49,"column":37},"end":{"line":49,"column":58}},{"start":{"line":49,"column":61},"end":{"line":49,"column":77}}]},"7":{"loc":{"start":{"line":57,"column":6},"end":{"line":57,"column":61}},"type":"binary-expr","locations":[{"start":{"line":57,"column":6},"end":{"line":57,"column":36}},{"start":{"line":57,"column":40},"end":{"line":57,"column":61}}]},"8":{"loc":{"start":{"line":65,"column":6},"end":{"line":65,"column":63}},"type":"binary-expr","locations":[{"start":{"line":65,"column":6},"end":{"line":65,"column":36}},{"start":{"line":65,"column":40},"end":{"line":65,"column":63}}]}},"s":{"0":1,"1":1,"2":1,"3":1,"4":0,"5":0,"6":0,"7":0,"8":0,"9":0,"10":0,"11":0,"12":0,"13":0,"14":0,"15":0,"16":0,"17":1},"f":{"0":0},"b":{"0":[0,0],"1":[0,0],"2":[0,0],"3":[0,0],"4":[0,0],"5":[0,0],"6":[0,0],"7":[0,0],"8":[0,0]}}
,"/Users/inmo/Documents/Projects/weather30react/src/components/UI/WithLoading.tsx": {"path":"/Users/inmo/Documents/Projects/weather30react/src/components/UI/WithLoading.tsx","statementMap":{"0":{"start":{"line":1,"column":0},"end":{"line":1,"column":26}},"1":{"start":{"line":2,"column":0},"end":{"line":2,"column":67}},"2":{"start":{"line":3,"column":0},"end":{"line":3,"column":53}},"3":{"start":{"line":13,"column":27},"end":{"line":43,"column":1}},"4":{"start":{"line":17,"column":34},"end":{"line":40,"column":2}},"5":{"start":{"line":18,"column":21},"end":{"line":18,"column":37}},"6":{"start":{"line":19,"column":15},"end":{"line":19,"column":43}},"7":{"start":{"line":21,"column":2},"end":{"line":21,"column":48}},"8":{"start":{"line":21,"column":28},"end":{"line":21,"column":48}},"9":{"start":{"line":22,"column":2},"end":{"line":32,"column":5}},"10":{"start":{"line":23,"column":3},"end":{"line":32,"column":5}},"11":{"start":{"line":33,"column":2},"end":{"line":33,"column":53}},"12":{"start":{"line":33,"column":41},"end":{"line":33,"column":53}},"13":{"start":{"line":34,"column":19},"end":{"line":34,"column":41}},"14":{"start":{"line":36,"column":2},"end":{"line":39,"column":49}},"15":{"start":{"line":42,"column":1},"end":{"line":42,"column":20}},"16":{"start":{"line":13,"column":13},"end":{"line":13,"column":27}},"17":{"start":{"line":45,"column":0},"end":{"line":45,"column":27}}},"fnMap":{"0":{"name":"(anonymous_1)","decl":{"start":{"line":13,"column":27},"end":{"line":13,"column":null}},"loc":{"start":{"line":16,"column":17},"end":{"line":43,"column":1}}},"1":{"name":"(anonymous_2)","decl":{"start":{"line":17,"column":34},"end":{"line":17,"column":35}},"loc":{"start":{"line":17,"column":44},"end":{"line":40,"column":2}}}},"branchMap":{"0":{"loc":{"start":{"line":19,"column":15},"end":{"line":19,"column":43}},"type":"binary-expr","locations":[{"start":{"line":19,"column":15},"end":{"line":19,"column":26}},{"start":{"line":19,"column":30},"end":{"line":19,"column":43}}]},"1":{"loc":{"start":{"line":21,"column":2},"end":{"line":21,"column":48}},"type":"if","locations":[{"start":{"line":21,"column":2},"end":{"line":21,"column":48}}]},"2":{"loc":{"start":{"line":22,"column":2},"end":{"line":32,"column":5}},"type":"if","locations":[{"start":{"line":22,"column":2},"end":{"line":32,"column":5}}]},"3":{"loc":{"start":{"line":33,"column":2},"end":{"line":33,"column":53}},"type":"if","locations":[{"start":{"line":33,"column":2},"end":{"line":33,"column":53}}]},"4":{"loc":{"start":{"line":33,"column":6},"end":{"line":33,"column":39}},"type":"binary-expr","locations":[{"start":{"line":33,"column":6},"end":{"line":33,"column":17}},{"start":{"line":33,"column":21},"end":{"line":33,"column":39}}]},"5":{"loc":{"start":{"line":38,"column":7},"end":{"line":38,"column":49}},"type":"cond-expr","locations":[{"start":{"line":38,"column":21},"end":{"line":38,"column":44}},{"start":{"line":38,"column":47},"end":{"line":38,"column":49}}]}},"s":{"0":1,"1":1,"2":1,"3":1,"4":3,"5":0,"6":0,"7":0,"8":0,"9":0,"10":0,"11":0,"12":0,"13":0,"14":0,"15":3,"16":1,"17":1},"f":{"0":3,"1":0},"b":{"0":[0,0],"1":[0],"2":[0],"3":[0],"4":[0,0],"5":[0,0]}}
,"/Users/inmo/Documents/Projects/weather30react/src/components/UI/WithMemo.tsx": {"path":"/Users/inmo/Documents/Projects/weather30react/src/components/UI/WithMemo.tsx","statementMap":{"0":{"start":{"line":1,"column":0},"end":{"line":1,"column":36}},"1":{"start":{"line":3,"column":17},"end":{"line":5,"column":71}},"2":{"start":{"line":5,"column":56},"end":{"line":5,"column":71}},"3":{"start":{"line":7,"column":0},"end":{"line":7,"column":24}}},"fnMap":{"0":{"name":"(anonymous_0)","decl":{"start":{"line":3,"column":17},"end":{"line":3,"column":null}},"loc":{"start":{"line":5,"column":56},"end":{"line":5,"column":71}}}},"branchMap":{},"s":{"0":1,"1":1,"2":1,"3":1},"f":{"0":1},"b":{}}
,"/Users/inmo/Documents/Projects/weather30react/src/components/UI/Global/SpanText.tsx": {"path":"/Users/inmo/Documents/Projects/weather30react/src/components/UI/Global/SpanText.tsx","statementMap":{"0":{"start":{"line":18,"column":17},"end":{"line":26,"column":1}},"1":{"start":{"line":19,"column":30},"end":{"line":19,"column":32}},"2":{"start":{"line":21,"column":1},"end":{"line":25,"column":3}},"3":{"start":{"line":28,"column":0},"end":{"line":28,"column":24}}},"fnMap":{"0":{"name":"(anonymous_0)","decl":{"start":{"line":18,"column":17},"end":{"line":18,"column":18}},"loc":{"start":{"line":18,"column":87},"end":{"line":26,"column":1}}}},"branchMap":{"0":{"loc":{"start":{"line":18,"column":30},"end":{"line":18,"column":41}},"type":"default-arg","locations":[{"start":{"line":18,"column":35},"end":{"line":18,"column":41}}]}},"s":{"0":1,"1":0,"2":0,"3":1},"f":{"0":0},"b":{"0":[0]}}
,"/Users/inmo/Documents/Projects/weather30react/src/components/UI/Global/Wrapper.tsx": {"path":"/Users/inmo/Documents/Projects/weather30react/src/components/UI/Global/Wrapper.tsx","statementMap":{"0":{"start":{"line":1,"column":0},"end":{"line":1,"column":46}},"1":{"start":{"line":16,"column":16},"end":{"line":23,"column":2}},"2":{"start":{"line":17,"column":36},"end":{"line":17,"column":41}},"3":{"start":{"line":18,"column":1},"end":{"line":22,"column":3}},"4":{"start":{"line":25,"column":0},"end":{"line":25,"column":32}},"5":{"start":{"line":27,"column":0},"end":{"line":27,"column":23}}},"fnMap":{"0":{"name":"(anonymous_0)","decl":{"start":{"line":16,"column":58},"end":{"line":16,"column":59}},"loc":{"start":{"line":16,"column":73},"end":{"line":23,"column":1}}}},"branchMap":{},"s":{"0":1,"1":1,"2":1,"3":1,"4":1,"5":1},"f":{"0":1},"b":{}}
,"/Users/inmo/Documents/Projects/weather30react/src/components/UI/SkeletonLoader/Skeleton.tsx": {"path":"/Users/inmo/Documents/Projects/weather30react/src/components/UI/SkeletonLoader/Skeleton.tsx","statementMap":{"0":{"start":{"line":1,"column":17},"end":{"line":8,"column":1}},"1":{"start":{"line":2,"column":1},"end":{"line":7,"column":3}},"2":{"start":{"line":10,"column":0},"end":{"line":10,"column":24}}},"fnMap":{"0":{"name":"(anonymous_0)","decl":{"start":{"line":1,"column":17},"end":{"line":1,"column":20}},"loc":{"start":{"line":1,"column":22},"end":{"line":8,"column":1}}}},"branchMap":{},"s":{"0":2,"1":7,"2":2},"f":{"0":7},"b":{}}
,"/Users/inmo/Documents/Projects/weather30react/src/components/UI/SvgScale/SvgScale.tsx": {"path":"/Users/inmo/Documents/Projects/weather30react/src/components/UI/SvgScale/SvgScale.tsx","statementMap":{"0":{"start":{"line":17,"column":42},"end":{"line":77,"column":1}},"1":{"start":{"line":18,"column":20},"end":{"line":18,"column":22}},"2":{"start":{"line":19,"column":19},"end":{"line":24,"column":3}},"3":{"start":{"line":25,"column":20},"end":{"line":25,"column":43}},"4":{"start":{"line":27,"column":29},"end":{"line":27,"column":58}},"5":{"start":{"line":33,"column":22},"end":{"line":41,"column":5}},"6":{"start":{"line":43,"column":1},"end":{"line":76,"column":3}},"7":{"start":{"line":53,"column":20},"end":{"line":53,"column":48}},"8":{"start":{"line":54,"column":25},"end":{"line":54,"column":56}},"9":{"start":{"line":55,"column":6},"end":{"line":55,"column":79}},"10":{"start":{"line":79,"column":0},"end":{"line":79,"column":24}}},"fnMap":{"0":{"name":"(anonymous_0)","decl":{"start":{"line":17,"column":42},"end":{"line":17,"column":43}},"loc":{"start":{"line":17,"column":61},"end":{"line":77,"column":1}}},"1":{"name":"(anonymous_1)","decl":{"start":{"line":52,"column":22},"end":{"line":52,"column":23}},"loc":{"start":{"line":52,"column":39},"end":{"line":56,"column":6}}}},"branchMap":{"0":{"loc":{"start":{"line":25,"column":20},"end":{"line":25,"column":43}},"type":"cond-expr","locations":[{"start":{"line":25,"column":37},"end":{"line":25,"column":38}},{"start":{"line":25,"column":41},"end":{"line":25,"column":43}}]},"1":{"loc":{"start":{"line":33,"column":22},"end":{"line":41,"column":5}},"type":"cond-expr","locations":[{"start":{"line":34,"column":4},"end":{"line":39,"column":null}},{"start":{"line":41,"column":4},"end":{"line":41,"column":5}}]}},"s":{"0":1,"1":12,"2":12,"3":12,"4":12,"5":12,"6":12,"7":33,"8":33,"9":33,"10":1},"f":{"0":12,"1":33},"b":{"0":[3,9],"1":[12,0]}}
,"/Users/inmo/Documents/Projects/weather30react/src/components/WeatherDetails/Search/Search.tsx": {"path":"/Users/inmo/Documents/Projects/weather30react/src/components/WeatherDetails/Search/Search.tsx","statementMap":{"0":{"start":{"line":1,"column":0},"end":{"line":1,"column":53}},"1":{"start":{"line":2,"column":0},"end":{"line":2,"column":46}},"2":{"start":{"line":3,"column":0},"end":{"line":3,"column":38}},"3":{"start":{"line":4,"column":0},"end":{"line":4,"column":38}},"4":{"start":{"line":15,"column":15},"end":{"line":55,"column":1}},"5":{"start":{"line":24,"column":5},"end":{"line":24,"column":16}},"6":{"start":{"line":25,"column":1},"end":{"line":54,"column":3}},"7":{"start":{"line":37,"column":5},"end":{"line":37,"column":null}},"8":{"start":{"line":57,"column":0},"end":{"line":57,"column":25}},"9":{"start":{"line":59,"column":0},"end":{"line":59,"column":22}}},"fnMap":{"0":{"name":"(anonymous_1)","decl":{"start":{"line":15,"column":15},"end":{"line":15,"column":16}},"loc":{"start":{"line":15,"column":48},"end":{"line":55,"column":1}}},"1":{"name":"(anonymous_2)","decl":{"start":{"line":36,"column":29},"end":{"line":36,"column":30}},"loc":{"start":{"line":37,"column":5},"end":{"line":37,"column":null}}}},"branchMap":{"0":{"loc":{"start":{"line":27,"column":26},"end":{"line":27,"column":57}},"type":"cond-expr","locations":[{"start":{"line":27,"column":33},"end":{"line":27,"column":46}},{"start":{"line":27,"column":49},"end":{"line":27,"column":57}}]},"1":{"loc":{"start":{"line":46,"column":9},"end":{"line":46,"column":48}},"type":"binary-expr","locations":[{"start":{"line":46,"column":9},"end":{"line":46,"column":23}},{"start":{"line":46,"column":27},"end":{"line":46,"column":48}}]}},"s":{"0":1,"1":1,"2":1,"3":1,"4":1,"5":0,"6":0,"7":0,"8":1,"9":1},"f":{"0":0,"1":0},"b":{"0":[0,0],"1":[0,0]}}
,"/Users/inmo/Documents/Projects/weather30react/src/components/WeatherDetails/Search/SearchForm.tsx": {"path":"/Users/inmo/Documents/Projects/weather30react/src/components/WeatherDetails/Search/SearchForm.tsx","statementMap":{"0":{"start":{"line":2,"column":0},"end":{"line":2,"column":37}},"1":{"start":{"line":44,"column":46},"end":{"line":53,"column":1}},"2":{"start":{"line":45,"column":1},"end":{"line":52,"column":3}},"3":{"start":{"line":63,"column":51},"end":{"line":71,"column":null}},"4":{"start":{"line":64,"column":1},"end":{"line":70,"column":null}},"5":{"start":{"line":83,"column":49},"end":{"line":93,"column":null}},"6":{"start":{"line":84,"column":1},"end":{"line":92,"column":null}},"7":{"start":{"line":96,"column":0},"end":{"line":96,"column":33}},"8":{"start":{"line":97,"column":0},"end":{"line":97,"column":31}},"9":{"start":{"line":99,"column":0},"end":{"line":99,"column":26}}},"fnMap":{"0":{"name":"(anonymous_1)","decl":{"start":{"line":44,"column":46},"end":{"line":44,"column":47}},"loc":{"start":{"line":44,"column":77},"end":{"line":53,"column":1}}},"1":{"name":"(anonymous_2)","decl":{"start":{"line":63,"column":51},"end":{"line":63,"column":52}},"loc":{"start":{"line":64,"column":1},"end":{"line":70,"column":null}}},"2":{"name":"(anonymous_3)","decl":{"start":{"line":83,"column":49},"end":{"line":83,"column":50}},"loc":{"start":{"line":84,"column":1},"end":{"line":92,"column":null}}}},"branchMap":{"0":{"loc":{"start":{"line":50,"column":4},"end":{"line":50,"column":24}},"type":"binary-expr","locations":[{"start":{"line":50,"column":4},"end":{"line":50,"column":12}},{"start":{"line":50,"column":16},"end":{"line":50,"column":24}}]}},"s":{"0":1,"1":1,"2":0,"3":1,"4":0,"5":1,"6":0,"7":1,"8":1,"9":1},"f":{"0":0,"1":0,"2":0},"b":{"0":[0,0]}}
,"/Users/inmo/Documents/Projects/weather30react/src/components/WeatherDetails/Search/SearchList.tsx": {"path":"/Users/inmo/Documents/Projects/weather30react/src/components/WeatherDetails/Search/SearchList.tsx","statementMap":{"0":{"start":{"line":2,"column":0},"end":{"line":2,"column":41}},"1":{"start":{"line":4,"column":0},"end":{"line":4,"column":37}},"2":{"start":{"line":5,"column":0},"end":{"line":5,"column":48}},"3":{"start":{"line":50,"column":45},"end":{"line":53,"column":null}},"4":{"start":{"line":51,"column":1},"end":{"line":52,"column":null}},"5":{"start":{"line":64,"column":55},"end":{"line":65,"column":null}},"6":{"start":{"line":65,"column":1},"end":{"line":65,"column":32}},"7":{"start":{"line":80,"column":53},"end":{"line":95,"column":null}},"8":{"start":{"line":87,"column":1},"end":{"line":94,"column":null}},"9":{"start":{"line":92,"column":22},"end":{"line":92,"column":50}},"10":{"start":{"line":106,"column":14},"end":{"line":109,"column":null}},"11":{"start":{"line":107,"column":1},"end":{"line":108,"column":null}},"12":{"start":{"line":120,"column":20},"end":{"line":123,"column":null}},"13":{"start":{"line":121,"column":1},"end":{"line":122,"column":null}},"14":{"start":{"line":126,"column":0},"end":{"line":126,"column":33}},"15":{"start":{"line":127,"column":0},"end":{"line":127,"column":31}},"16":{"start":{"line":128,"column":0},"end":{"line":128,"column":25}},"17":{"start":{"line":129,"column":0},"end":{"line":129,"column":37}},"18":{"start":{"line":131,"column":0},"end":{"line":131,"column":26}}},"fnMap":{"0":{"name":"(anonymous_1)","decl":{"start":{"line":50,"column":45},"end":{"line":50,"column":46}},"loc":{"start":{"line":51,"column":1},"end":{"line":52,"column":null}}},"1":{"name":"(anonymous_2)","decl":{"start":{"line":64,"column":55},"end":{"line":64,"column":56}},"loc":{"start":{"line":65,"column":1},"end":{"line":65,"column":32}}},"2":{"name":"(anonymous_3)","decl":{"start":{"line":80,"column":53},"end":{"line":80,"column":54}},"loc":{"start":{"line":87,"column":1},"end":{"line":94,"column":null}}},"3":{"name":"(anonymous_4)","decl":{"start":{"line":92,"column":11},"end":{"line":92,"column":12}},"loc":{"start":{"line":92,"column":22},"end":{"line":92,"column":50}}},"4":{"name":"(anonymous_5)","decl":{"start":{"line":106,"column":14},"end":{"line":106,"column":15}},"loc":{"start":{"line":107,"column":1},"end":{"line":108,"column":null}}},"5":{"name":"(anonymous_6)","decl":{"start":{"line":120,"column":20},"end":{"line":120,"column":21}},"loc":{"start":{"line":121,"column":1},"end":{"line":122,"column":null}}}},"branchMap":{"0":{"loc":{"start":{"line":52,"column":3},"end":{"line":52,"column":23}},"type":"binary-expr","locations":[{"start":{"line":52,"column":3},"end":{"line":52,"column":11}},{"start":{"line":52,"column":15},"end":{"line":52,"column":23}}]},"1":{"loc":{"start":{"line":65,"column":6},"end":{"line":65,"column":26}},"type":"binary-expr","locations":[{"start":{"line":65,"column":6},"end":{"line":65,"column":14}},{"start":{"line":65,"column":18},"end":{"line":65,"column":26}}]},"2":{"loc":{"start":{"line":90,"column":3},"end":{"line":90,"column":53}},"type":"cond-expr","locations":[{"start":{"line":90,"column":29},"end":{"line":90,"column":48}},{"start":{"line":90,"column":51},"end":{"line":90,"column":53}}]},"3":{"loc":{"start":{"line":94,"column":3},"end":{"line":94,"column":23}},"type":"binary-expr","locations":[{"start":{"line":94,"column":3},"end":{"line":94,"column":11}},{"start":{"line":94,"column":15},"end":{"line":94,"column":23}}]},"4":{"loc":{"start":{"line":108,"column":3},"end":{"line":108,"column":23}},"type":"binary-expr","locations":[{"start":{"line":108,"column":3},"end":{"line":108,"column":11}},{"start":{"line":108,"column":15},"end":{"line":108,"column":23}}]},"5":{"loc":{"start":{"line":122,"column":3},"end":{"line":122,"column":23}},"type":"binary-expr","locations":[{"start":{"line":122,"column":3},"end":{"line":122,"column":11}},{"start":{"line":122,"column":15},"end":{"line":122,"column":23}}]}},"s":{"0":1,"1":1,"2":1,"3":1,"4":0,"5":1,"6":0,"7":1,"8":0,"9":0,"10":1,"11":0,"12":1,"13":0,"14":1,"15":1,"16":1,"17":1,"18":1},"f":{"0":0,"1":0,"2":0,"3":0,"4":0,"5":0},"b":{"0":[0,0],"1":[0,0],"2":[0,0],"3":[0,0],"4":[0,0],"5":[0,0]}}
,"/Users/inmo/Documents/Projects/weather30react/src/context/Metric.context.tsx": {"path":"/Users/inmo/Documents/Projects/weather30react/src/context/Metric.context.tsx","statementMap":{"0":{"start":{"line":1,"column":0},"end":{"line":1,"column":71}},"1":{"start":{"line":14,"column":23},"end":{"line":14,"column":33}},"2":{"start":{"line":16,"column":22},"end":{"line":16,"column":77}},"3":{"start":{"line":25,"column":30},"end":{"line":51,"column":1}},"4":{"start":{"line":26,"column":29},"end":{"line":35,"column":3}},"5":{"start":{"line":27,"column":22},"end":{"line":27,"column":56}},"6":{"start":{"line":28,"column":2},"end":{"line":33,"column":3}},"7":{"start":{"line":29,"column":24},"end":{"line":29,"column":47}},"8":{"start":{"line":30,"column":3},"end":{"line":32,"column":4}},"9":{"start":{"line":31,"column":4},"end":{"line":31,"column":24}},"10":{"start":{"line":34,"column":2},"end":{"line":34,"column":59}},"11":{"start":{"line":37,"column":1},"end":{"line":39,"column":14}},"12":{"start":{"line":38,"column":2},"end":{"line":38,"column":61}},"13":{"start":{"line":41,"column":22},"end":{"line":46,"column":2}},"14":{"start":{"line":42,"column":2},"end":{"line":45,"column":6}},"15":{"start":{"line":42,"column":29},"end":{"line":45,"column":4}},"16":{"start":{"line":48,"column":1},"end":{"line":50,"column":3}},"17":{"start":{"line":25,"column":13},"end":{"line":25,"column":30}},"18":{"start":{"line":59,"column":25},"end":{"line":65,"column":1}},"19":{"start":{"line":60,"column":17},"end":{"line":60,"column":42}},"20":{"start":{"line":61,"column":1},"end":{"line":63,"column":2}},"21":{"start":{"line":62,"column":2},"end":{"line":62,"column":68}},"22":{"start":{"line":64,"column":1},"end":{"line":64,"column":16}},"23":{"start":{"line":59,"column":13},"end":{"line":59,"column":25}}},"fnMap":{"0":{"name":"(anonymous_0)","decl":{"start":{"line":25,"column":30},"end":{"line":25,"column":31}},"loc":{"start":{"line":25,"column":78},"end":{"line":51,"column":1}}},"1":{"name":"(anonymous_1)","decl":{"start":{"line":26,"column":51},"end":{"line":26,"column":54}},"loc":{"start":{"line":26,"column":56},"end":{"line":35,"column":2}}},"2":{"name":"(anonymous_2)","decl":{"start":{"line":37,"column":11},"end":{"line":37,"column":14}},"loc":{"start":{"line":37,"column":16},"end":{"line":39,"column":2}}},"3":{"name":"(anonymous_3)","decl":{"start":{"line":41,"column":22},"end":{"line":41,"column":25}},"loc":{"start":{"line":41,"column":27},"end":{"line":46,"column":2}}},"4":{"name":"(anonymous_4)","decl":{"start":{"line":42,"column":12},"end":{"line":42,"column":13}},"loc":{"start":{"line":42,"column":29},"end":{"line":45,"column":4}}},"5":{"name":"(anonymous_5)","decl":{"start":{"line":59,"column":25},"end":{"line":59,"column":47}},"loc":{"start":{"line":59,"column":49},"end":{"line":65,"column":1}}}},"branchMap":{"0":{"loc":{"start":{"line":28,"column":2},"end":{"line":33,"column":3}},"type":"if","locations":[{"start":{"line":28,"column":2},"end":{"line":33,"column":3}}]},"1":{"loc":{"start":{"line":30,"column":3},"end":{"line":32,"column":4}},"type":"if","locations":[{"start":{"line":30,"column":3},"end":{"line":32,"column":4}}]},"2":{"loc":{"start":{"line":44,"column":15},"end":{"line":44,"column":73}},"type":"cond-expr","locations":[{"start":{"line":44,"column":52},"end":{"line":44,"column":62}},{"start":{"line":44,"column":65},"end":{"line":44,"column":73}}]},"3":{"loc":{"start":{"line":61,"column":1},"end":{"line":63,"column":2}},"type":"if","locations":[{"start":{"line":61,"column":1},"end":{"line":63,"column":2}}]}},"s":{"0":1,"1":1,"2":1,"3":1,"4":0,"5":0,"6":0,"7":0,"8":0,"9":0,"10":0,"11":0,"12":0,"13":0,"14":0,"15":0,"16":0,"17":1,"18":1,"19":0,"20":0,"21":0,"22":0,"23":1},"f":{"0":0,"1":0,"2":0,"3":0,"4":0,"5":0},"b":{"0":[0],"1":[0],"2":[0,0],"3":[0]}}
,"/Users/inmo/Documents/Projects/weather30react/src/context/Theme.context.tsx": {"path":"/Users/inmo/Documents/Projects/weather30react/src/context/Theme.context.tsx","statementMap":{"0":{"start":{"line":1,"column":0},"end":{"line":1,"column":71}},"1":{"start":{"line":40,"column":22},"end":{"line":40,"column":32}},"2":{"start":{"line":42,"column":20},"end":{"line":44,"column":1}},"3":{"start":{"line":43,"column":1},"end":{"line":43,"column":85}},"4":{"start":{"line":46,"column":21},"end":{"line":46,"column":75}},"5":{"start":{"line":56,"column":29},"end":{"line":83,"column":1}},"6":{"start":{"line":57,"column":27},"end":{"line":66,"column":3}},"7":{"start":{"line":58,"column":21},"end":{"line":58,"column":54}},"8":{"start":{"line":59,"column":2},"end":{"line":64,"column":3}},"9":{"start":{"line":60,"column":23},"end":{"line":60,"column":45}},"10":{"start":{"line":61,"column":3},"end":{"line":63,"column":4}},"11":{"start":{"line":62,"column":4},"end":{"line":62,"column":23}},"12":{"start":{"line":65,"column":2},"end":{"line":65,"column":57}},"13":{"start":{"line":68,"column":1},"end":{"line":71,"column":13}},"14":{"start":{"line":69,"column":2},"end":{"line":69,"column":55}},"15":{"start":{"line":70,"column":2},"end":{"line":70,"column":59}},"16":{"start":{"line":73,"column":21},"end":{"line":78,"column":2}},"17":{"start":{"line":74,"column":2},"end":{"line":77,"column":6}},"18":{"start":{"line":74,"column":27},"end":{"line":77,"column":4}},"19":{"start":{"line":80,"column":1},"end":{"line":82,"column":3}},"20":{"start":{"line":56,"column":13},"end":{"line":56,"column":29}},"21":{"start":{"line":95,"column":24},"end":{"line":101,"column":1}},"22":{"start":{"line":96,"column":17},"end":{"line":96,"column":41}},"23":{"start":{"line":97,"column":1},"end":{"line":99,"column":2}},"24":{"start":{"line":98,"column":2},"end":{"line":98,"column":66}},"25":{"start":{"line":100,"column":1},"end":{"line":100,"column":16}},"26":{"start":{"line":95,"column":13},"end":{"line":95,"column":24}}},"fnMap":{"0":{"name":"(anonymous_0)","decl":{"start":{"line":42,"column":20},"end":{"line":42,"column":34}},"loc":{"start":{"line":42,"column":36},"end":{"line":44,"column":1}}},"1":{"name":"(anonymous_1)","decl":{"start":{"line":56,"column":29},"end":{"line":56,"column":30}},"loc":{"start":{"line":56,"column":77},"end":{"line":83,"column":1}}},"2":{"name":"(anonymous_2)","decl":{"start":{"line":57,"column":48},"end":{"line":57,"column":51}},"loc":{"start":{"line":57,"column":53},"end":{"line":66,"column":2}}},"3":{"name":"(anonymous_3)","decl":{"start":{"line":68,"column":11},"end":{"line":68,"column":14}},"loc":{"start":{"line":68,"column":16},"end":{"line":71,"column":2}}},"4":{"name":"(anonymous_4)","decl":{"start":{"line":73,"column":21},"end":{"line":73,"column":24}},"loc":{"start":{"line":73,"column":26},"end":{"line":78,"column":2}}},"5":{"name":"(anonymous_5)","decl":{"start":{"line":74,"column":11},"end":{"line":74,"column":12}},"loc":{"start":{"line":74,"column":27},"end":{"line":77,"column":4}}},"6":{"name":"(anonymous_6)","decl":{"start":{"line":95,"column":24},"end":{"line":95,"column":45}},"loc":{"start":{"line":95,"column":47},"end":{"line":101,"column":1}}}},"branchMap":{"0":{"loc":{"start":{"line":43,"column":8},"end":{"line":43,"column":84}},"type":"cond-expr","locations":[{"start":{"line":43,"column":68},"end":{"line":43,"column":74}},{"start":{"line":43,"column":77},"end":{"line":43,"column":84}}]},"1":{"loc":{"start":{"line":59,"column":2},"end":{"line":64,"column":3}},"type":"if","locations":[{"start":{"line":59,"column":2},"end":{"line":64,"column":3}}]},"2":{"loc":{"start":{"line":61,"column":3},"end":{"line":63,"column":4}},"type":"if","locations":[{"start":{"line":61,"column":3},"end":{"line":63,"column":4}}]},"3":{"loc":{"start":{"line":76,"column":9},"end":{"line":76,"column":54}},"type":"cond-expr","locations":[{"start":{"line":76,"column":38},"end":{"line":76,"column":44}},{"start":{"line":76,"column":47},"end":{"line":76,"column":54}}]},"4":{"loc":{"start":{"line":97,"column":1},"end":{"line":99,"column":2}},"type":"if","locations":[{"start":{"line":97,"column":1},"end":{"line":99,"column":2}}]}},"s":{"0":1,"1":1,"2":1,"3":0,"4":1,"5":1,"6":0,"7":0,"8":0,"9":0,"10":0,"11":0,"12":0,"13":0,"14":0,"15":0,"16":0,"17":0,"18":0,"19":0,"20":1,"21":1,"22":0,"23":0,"24":0,"25":0,"26":1},"f":{"0":0,"1":0,"2":0,"3":0,"4":0,"5":0,"6":0},"b":{"0":[0,0],"1":[0],"2":[0],"3":[0,0],"4":[0]}}
,"/Users/inmo/Documents/Projects/weather30react/src/context/WeatherData.context.tsx": {"path":"/Users/inmo/Documents/Projects/weather30react/src/context/WeatherData.context.tsx","statementMap":{"0":{"start":{"line":1,"column":0},"end":{"line":1,"column":49}},"1":{"start":{"line":2,"column":0},"end":{"line":2,"column":81}},"2":{"start":{"line":3,"column":0},"end":{"line":3,"column":88}},"3":{"start":{"line":5,"column":0},"end":{"line":5,"column":49}},"4":{"start":{"line":6,"column":0},"end":{"line":6,"column":35}},"5":{"start":{"line":7,"column":0},"end":{"line":7,"column":null}},"6":{"start":{"line":12,"column":0},"end":{"line":12,"column":90}},"7":{"start":{"line":13,"column":0},"end":{"line":13,"column":89}},"8":{"start":{"line":14,"column":0},"end":{"line":14,"column":85}},"9":{"start":{"line":15,"column":0},"end":{"line":15,"column":null}},"10":{"start":{"line":19,"column":0},"end":{"line":19,"column":76}},"11":{"start":{"line":20,"column":0},"end":{"line":20,"column":null}},"12":{"start":{"line":24,"column":0},"end":{"line":24,"column":80}},"13":{"start":{"line":25,"column":0},"end":{"line":25,"column":66}},"14":{"start":{"line":26,"column":0},"end":{"line":26,"column":45}},"15":{"start":{"line":51,"column":23},"end":{"line":51,"column":80}},"16":{"start":{"line":53,"column":31},"end":{"line":106,"column":1}},"17":{"start":{"line":54,"column":21},"end":{"line":54,"column":32}},"18":{"start":{"line":55,"column":24},"end":{"line":55,"column":41}},"19":{"start":{"line":56,"column":18},"end":{"line":56,"column":31}},"20":{"start":{"line":57,"column":18},"end":{"line":57,"column":31}},"21":{"start":{"line":58,"column":23},"end":{"line":58,"column":46}},"22":{"start":{"line":59,"column":24},"end":{"line":59,"column":47}},"23":{"start":{"line":61,"column":1},"end":{"line":73,"column":70}},"24":{"start":{"line":62,"column":2},"end":{"line":72,"column":3}},"25":{"start":{"line":69,"column":3},"end":{"line":69,"column":36}},"26":{"start":{"line":70,"column":9},"end":{"line":72,"column":3}},"27":{"start":{"line":71,"column":3},"end":{"line":71,"column":36}},"28":{"start":{"line":75,"column":24},"end":{"line":75,"column":60}},"29":{"start":{"line":80,"column":5},"end":{"line":87,"column":3}},"30":{"start":{"line":84,"column":3},"end":{"line":84,"column":80}},"31":{"start":{"line":101,"column":1},"end":{"line":105,"column":3}},"32":{"start":{"line":53,"column":13},"end":{"line":53,"column":31}},"33":{"start":{"line":108,"column":30},"end":{"line":121,"column":1}},"34":{"start":{"line":109,"column":17},"end":{"line":109,"column":43}},"35":{"start":{"line":110,"column":1},"end":{"line":112,"column":2}},"36":{"start":{"line":111,"column":2},"end":{"line":111,"column":74}},"37":{"start":{"line":113,"column":1},"end":{"line":120,"column":3}},"38":{"start":{"line":114,"column":9},"end":{"line":118,"column":4}},"39":{"start":{"line":108,"column":13},"end":{"line":108,"column":30}},"40":{"start":{"line":139,"column":30},"end":{"line":165,"column":1}},"41":{"start":{"line":140,"column":25},"end":{"line":140,"column":41}},"42":{"start":{"line":142,"column":1},"end":{"line":164,"column":4}},"43":{"start":{"line":143,"column":2},"end":{"line":143,"column":37}},"44":{"start":{"line":143,"column":20},"end":{"line":143,"column":37}},"45":{"start":{"line":145,"column":77},"end":{"line":145,"column":88}},"46":{"start":{"line":146,"column":22},"end":{"line":148,"column":12}},"47":{"start":{"line":150,"column":2},"end":{"line":157,"column":4}},"48":{"start":{"line":139,"column":13},"end":{"line":139,"column":30}},"49":{"start":{"line":167,"column":20},"end":{"line":167,"column":36}},"50":{"start":{"line":169,"column":26},"end":{"line":170,"column":52}},"51":{"start":{"line":170,"column":1},"end":{"line":170,"column":52}},"52":{"start":{"line":188,"column":33},"end":{"line":208,"column":1}},"53":{"start":{"line":189,"column":25},"end":{"line":189,"column":41}},"54":{"start":{"line":190,"column":24},"end":{"line":190,"column":35}},"55":{"start":{"line":192,"column":1},"end":{"line":207,"column":31}},"56":{"start":{"line":193,"column":2},"end":{"line":193,"column":74}},"57":{"start":{"line":193,"column":57},"end":{"line":193,"column":74}},"58":{"start":{"line":194,"column":2},"end":{"line":194,"column":26}},"59":{"start":{"line":196,"column":29},"end":{"line":196,"column":40}},"60":{"start":{"line":197,"column":72},"end":{"line":197,"column":79}},"61":{"start":{"line":198,"column":24},"end":{"line":198,"column":32}},"62":{"start":{"line":199,"column":2},"end":{"line":199,"column":33}},"63":{"start":{"line":200,"column":2},"end":{"line":206,"column":4}},"64":{"start":{"line":188,"column":13},"end":{"line":188,"column":33}},"65":{"start":{"line":218,"column":37},"end":{"line":230,"column":1}},"66":{"start":{"line":219,"column":25},"end":{"line":219,"column":41}},"67":{"start":{"line":221,"column":1},"end":{"line":229,"column":46}},"68":{"start":{"line":222,"column":22},"end":{"line":222,"column":59}},"69":{"start":{"line":223,"column":2},"end":{"line":223,"column":37}},"70":{"start":{"line":223,"column":20},"end":{"line":223,"column":37}},"71":{"start":{"line":225,"column":19},"end":{"line":225,"column":42}},"72":{"start":{"line":226,"column":20},"end":{"line":226,"column":67}},"73":{"start":{"line":228,"column":2},"end":{"line":228,"column":33}},"74":{"start":{"line":218,"column":13},"end":{"line":218,"column":37}},"75":{"start":{"line":246,"column":30},"end":{"line":280,"column":1}},"76":{"start":{"line":247,"column":25},"end":{"line":247,"column":41}},"77":{"start":{"line":248,"column":24},"end":{"line":248,"column":35}},"78":{"start":{"line":250,"column":1},"end":{"line":279,"column":4}},"79":{"start":{"line":251,"column":2},"end":{"line":255,"column":20}},"80":{"start":{"line":255,"column":3},"end":{"line":255,"column":20}},"81":{"start":{"line":260,"column":6},"end":{"line":260,"column":25}},"82":{"start":{"line":262,"column":29},"end":{"line":262,"column":82}},"83":{"start":{"line":263,"column":29},"end":{"line":265,"column":9}},"84":{"start":{"line":266,"column":31},"end":{"line":266,"column":62}},"85":{"start":{"line":268,"column":2},"end":{"line":273,"column":4}},"86":{"start":{"line":246,"column":13},"end":{"line":246,"column":30}},"87":{"start":{"line":294,"column":34},"end":{"line":308,"column":1}},"88":{"start":{"line":295,"column":25},"end":{"line":295,"column":41}},"89":{"start":{"line":296,"column":24},"end":{"line":296,"column":35}},"90":{"start":{"line":298,"column":1},"end":{"line":307,"column":71}},"91":{"start":{"line":299,"column":2},"end":{"line":299,"column":56}},"92":{"start":{"line":299,"column":39},"end":{"line":299,"column":56}},"93":{"start":{"line":301,"column":34},"end":{"line":301,"column":53}},"94":{"start":{"line":303,"column":2},"end":{"line":306,"column":4}},"95":{"start":{"line":294,"column":13},"end":{"line":294,"column":34}},"96":{"start":{"line":325,"column":33},"end":{"line":345,"column":1}},"97":{"start":{"line":326,"column":25},"end":{"line":326,"column":41}},"98":{"start":{"line":328,"column":1},"end":{"line":344,"column":90}},"99":{"start":{"line":329,"column":2},"end":{"line":329,"column":88}},"100":{"start":{"line":329,"column":71},"end":{"line":329,"column":88}},"101":{"start":{"line":330,"column":32},"end":{"line":330,"column":43}},"102":{"start":{"line":331,"column":34},"end":{"line":331,"column":41}},"103":{"start":{"line":332,"column":56},"end":{"line":332,"column":90}},"104":{"start":{"line":334,"column":21},"end":{"line":335,"column":75}},"105":{"start":{"line":335,"column":3},"end":{"line":335,"column":75}},"106":{"start":{"line":337,"column":2},"end":{"line":343,"column":4}},"107":{"start":{"line":325,"column":13},"end":{"line":325,"column":33}},"108":{"start":{"line":351,"column":39},"end":{"line":370,"column":1}},"109":{"start":{"line":352,"column":25},"end":{"line":352,"column":41}},"110":{"start":{"line":354,"column":1},"end":{"line":369,"column":4}},"111":{"start":{"line":355,"column":2},"end":{"line":355,"column":44}},"112":{"start":{"line":355,"column":27},"end":{"line":355,"column":44}},"113":{"start":{"line":357,"column":50},"end":{"line":357,"column":61}},"114":{"start":{"line":359,"column":2},"end":{"line":363,"column":4}},"115":{"start":{"line":351,"column":13},"end":{"line":351,"column":39}},"116":{"start":{"line":380,"column":25},"end":{"line":389,"column":1}},"117":{"start":{"line":381,"column":25},"end":{"line":381,"column":41}},"118":{"start":{"line":383,"column":1},"end":{"line":388,"column":33}},"119":{"start":{"line":384,"column":2},"end":{"line":386,"column":3}},"120":{"start":{"line":385,"column":3},"end":{"line":385,"column":34}},"121":{"start":{"line":387,"column":2},"end":{"line":387,"column":19}},"122":{"start":{"line":380,"column":13},"end":{"line":380,"column":25}},"123":{"start":{"line":399,"column":25},"end":{"line":407,"column":1}},"124":{"start":{"line":400,"column":25},"end":{"line":400,"column":41}},"125":{"start":{"line":402,"column":1},"end":{"line":406,"column":43}},"126":{"start":{"line":403,"column":2},"end":{"line":403,"column":61}},"127":{"start":{"line":403,"column":44},"end":{"line":403,"column":61}},"128":{"start":{"line":405,"column":2},"end":{"line":405,"column":43}},"129":{"start":{"line":399,"column":13},"end":{"line":399,"column":25}},"130":{"start":{"line":423,"column":34},"end":{"line":449,"column":1}},"131":{"start":{"line":424,"column":25},"end":{"line":424,"column":41}},"132":{"start":{"line":426,"column":1},"end":{"line":448,"column":4}},"133":{"start":{"line":427,"column":2},"end":{"line":432,"column":20}},"134":{"start":{"line":432,"column":3},"end":{"line":432,"column":20}},"135":{"start":{"line":434,"column":2},"end":{"line":442,"column":4}},"136":{"start":{"line":423,"column":13},"end":{"line":423,"column":34}},"137":{"start":{"line":463,"column":34},"end":{"line":470,"column":1}},"138":{"start":{"line":464,"column":25},"end":{"line":464,"column":41}},"139":{"start":{"line":466,"column":1},"end":{"line":469,"column":38}},"140":{"start":{"line":467,"column":2},"end":{"line":467,"column":56}},"141":{"start":{"line":467,"column":39},"end":{"line":467,"column":56}},"142":{"start":{"line":468,"column":2},"end":{"line":468,"column":58}},"143":{"start":{"line":463,"column":13},"end":{"line":463,"column":34}},"144":{"start":{"line":485,"column":35},"end":{"line":503,"column":1}},"145":{"start":{"line":486,"column":25},"end":{"line":486,"column":41}},"146":{"start":{"line":487,"column":24},"end":{"line":487,"column":35}},"147":{"start":{"line":489,"column":1},"end":{"line":502,"column":80}},"148":{"start":{"line":490,"column":2},"end":{"line":490,"column":58}},"149":{"start":{"line":490,"column":41},"end":{"line":490,"column":58}},"150":{"start":{"line":492,"column":31},"end":{"line":492,"column":50}},"151":{"start":{"line":493,"column":2},"end":{"line":501,"column":4}},"152":{"start":{"line":485,"column":13},"end":{"line":485,"column":35}},"153":{"start":{"line":518,"column":36},"end":{"line":525,"column":1}},"154":{"start":{"line":519,"column":25},"end":{"line":519,"column":41}},"155":{"start":{"line":521,"column":1},"end":{"line":524,"column":40}},"156":{"start":{"line":522,"column":2},"end":{"line":522,"column":58}},"157":{"start":{"line":522,"column":41},"end":{"line":522,"column":58}},"158":{"start":{"line":523,"column":2},"end":{"line":523,"column":60}},"159":{"start":{"line":518,"column":13},"end":{"line":518,"column":36}},"160":{"start":{"line":541,"column":36},"end":{"line":553,"column":1}},"161":{"start":{"line":542,"column":25},"end":{"line":542,"column":41}},"162":{"start":{"line":543,"column":24},"end":{"line":543,"column":35}},"163":{"start":{"line":545,"column":1},"end":{"line":552,"column":39}},"164":{"start":{"line":546,"column":2},"end":{"line":546,"column":45}},"165":{"start":{"line":546,"column":28},"end":{"line":546,"column":45}},"166":{"start":{"line":547,"column":2},"end":{"line":551,"column":4}},"167":{"start":{"line":541,"column":13},"end":{"line":541,"column":36}},"168":{"start":{"line":569,"column":35},"end":{"line":639,"column":1}},"169":{"start":{"line":570,"column":25},"end":{"line":570,"column":41}},"170":{"start":{"line":571,"column":24},"end":{"line":571,"column":35}},"171":{"start":{"line":573,"column":1},"end":{"line":638,"column":38}},"172":{"start":{"line":574,"column":2},"end":{"line":574,"column":44}},"173":{"start":{"line":574,"column":27},"end":{"line":574,"column":44}},"174":{"start":{"line":576,"column":35},"end":{"line":576,"column":38}},"175":{"start":{"line":578,"column":30},"end":{"line":578,"column":41}},"176":{"start":{"line":580,"column":23},"end":{"line":582,"column":null}},"177":{"start":{"line":581,"column":18},"end":{"line":581,"column":57}},"178":{"start":{"line":584,"column":23},"end":{"line":586,"column":null}},"179":{"start":{"line":585,"column":18},"end":{"line":585,"column":57}},"180":{"start":{"line":589,"column":27},"end":{"line":589,"column":85}},"181":{"start":{"line":590,"column":27},"end":{"line":590,"column":85}},"182":{"start":{"line":592,"column":46},"end":{"line":592,"column":48}},"183":{"start":{"line":594,"column":36},"end":{"line":629,"column":4}},"184":{"start":{"line":596,"column":22},"end":{"line":596,"column":80}},"185":{"start":{"line":597,"column":22},"end":{"line":597,"column":80}},"186":{"start":{"line":600,"column":19},"end":{"line":600,"column":81}},"187":{"start":{"line":603,"column":26},"end":{"line":603,"column":45}},"188":{"start":{"line":606,"column":3},"end":{"line":619,"column":6}},"189":{"start":{"line":622,"column":3},"end":{"line":628,"column":5}},"190":{"start":{"line":631,"column":17},"end":{"line":631,"column":63}},"191":{"start":{"line":633,"column":2},"end":{"line":637,"column":4}},"192":{"start":{"line":569,"column":13},"end":{"line":569,"column":35}},"193":{"start":{"line":653,"column":35},"end":{"line":685,"column":1}},"194":{"start":{"line":654,"column":25},"end":{"line":654,"column":41}},"195":{"start":{"line":655,"column":24},"end":{"line":655,"column":35}},"196":{"start":{"line":657,"column":1},"end":{"line":684,"column":4}},"197":{"start":{"line":658,"column":2},"end":{"line":658,"column":44}},"198":{"start":{"line":658,"column":27},"end":{"line":658,"column":44}},"199":{"start":{"line":660,"column":30},"end":{"line":660,"column":41}},"200":{"start":{"line":662,"column":2},"end":{"line":676,"column":5}},"201":{"start":{"line":663,"column":23},"end":{"line":663,"column":56}},"202":{"start":{"line":664,"column":3},"end":{"line":675,"column":5}},"203":{"start":{"line":653,"column":13},"end":{"line":653,"column":35}},"204":{"start":{"line":702,"column":40},"end":{"line":722,"column":1}},"205":{"start":{"line":703,"column":25},"end":{"line":703,"column":41}},"206":{"start":{"line":704,"column":24},"end":{"line":704,"column":35}},"207":{"start":{"line":706,"column":1},"end":{"line":721,"column":4}},"208":{"start":{"line":707,"column":2},"end":{"line":707,"column":44}},"209":{"start":{"line":707,"column":27},"end":{"line":707,"column":44}},"210":{"start":{"line":708,"column":22},"end":{"line":708,"column":49}},"211":{"start":{"line":709,"column":2},"end":{"line":714,"column":4}},"212":{"start":{"line":702,"column":13},"end":{"line":702,"column":40}},"213":{"start":{"line":739,"column":32},"end":{"line":773,"column":1}},"214":{"start":{"line":740,"column":25},"end":{"line":740,"column":41}},"215":{"start":{"line":741,"column":24},"end":{"line":741,"column":35}},"216":{"start":{"line":743,"column":1},"end":{"line":772,"column":4}},"217":{"start":{"line":744,"column":2},"end":{"line":744,"column":54}},"218":{"start":{"line":744,"column":37},"end":{"line":744,"column":54}},"219":{"start":{"line":745,"column":24},"end":{"line":745,"column":41}},"220":{"start":{"line":746,"column":34},"end":{"line":752,"column":5}},"221":{"start":{"line":746,"column":69},"end":{"line":752,"column":4}},"222":{"start":{"line":754,"column":34},"end":{"line":757,"column":null}},"223":{"start":{"line":760,"column":2},"end":{"line":766,"column":4}},"224":{"start":{"line":739,"column":13},"end":{"line":739,"column":32}},"225":{"start":{"line":794,"column":42},"end":{"line":835,"column":1}},"226":{"start":{"line":795,"column":25},"end":{"line":795,"column":41}},"227":{"start":{"line":796,"column":24},"end":{"line":796,"column":35}},"228":{"start":{"line":798,"column":1},"end":{"line":834,"column":4}},"229":{"start":{"line":799,"column":2},"end":{"line":799,"column":77}},"230":{"start":{"line":799,"column":60},"end":{"line":799,"column":77}},"231":{"start":{"line":801,"column":26},"end":{"line":801,"column":53}},"232":{"start":{"line":803,"column":2},"end":{"line":821,"column":4}},"233":{"start":{"line":794,"column":13},"end":{"line":794,"column":42}}},"fnMap":{"0":{"name":"(anonymous_0)","decl":{"start":{"line":53,"column":31},"end":{"line":53,"column":32}},"loc":{"start":{"line":53,"column":73},"end":{"line":106,"column":1}}},"1":{"name":"(anonymous_1)","decl":{"start":{"line":61,"column":11},"end":{"line":61,"column":14}},"loc":{"start":{"line":61,"column":16},"end":{"line":73,"column":2}}},"2":{"name":"(anonymous_2)","decl":{"start":{"line":83,"column":11},"end":{"line":83,"column":16}},"loc":{"start":{"line":84,"column":3},"end":{"line":84,"column":80}}},"3":{"name":"(anonymous_3)","decl":{"start":{"line":108,"column":30},"end":{"line":108,"column":33}},"loc":{"start":{"line":108,"column":35},"end":{"line":121,"column":1}}},"4":{"name":"(anonymous_4)","decl":{"start":{"line":114,"column":2},"end":{"line":114,"column":5}},"loc":{"start":{"line":114,"column":9},"end":{"line":118,"column":4}}},"5":{"name":"(anonymous_5)","decl":{"start":{"line":139,"column":30},"end":{"line":139,"column":55}},"loc":{"start":{"line":139,"column":57},"end":{"line":165,"column":1}}},"6":{"name":"(anonymous_6)","decl":{"start":{"line":142,"column":16},"end":{"line":142,"column":19}},"loc":{"start":{"line":142,"column":21},"end":{"line":158,"column":2}}},"7":{"name":"(anonymous_7)","decl":{"start":{"line":169,"column":26},"end":{"line":169,"column":27}},"loc":{"start":{"line":170,"column":1},"end":{"line":170,"column":52}}},"8":{"name":"(anonymous_8)","decl":{"start":{"line":188,"column":33},"end":{"line":188,"column":61}},"loc":{"start":{"line":188,"column":63},"end":{"line":208,"column":1}}},"9":{"name":"(anonymous_9)","decl":{"start":{"line":192,"column":16},"end":{"line":192,"column":19}},"loc":{"start":{"line":192,"column":21},"end":{"line":207,"column":2}}},"10":{"name":"(anonymous_10)","decl":{"start":{"line":218,"column":37},"end":{"line":218,"column":66}},"loc":{"start":{"line":218,"column":68},"end":{"line":230,"column":1}}},"11":{"name":"(anonymous_11)","decl":{"start":{"line":221,"column":16},"end":{"line":221,"column":19}},"loc":{"start":{"line":221,"column":21},"end":{"line":229,"column":2}}},"12":{"name":"(anonymous_12)","decl":{"start":{"line":246,"column":30},"end":{"line":246,"column":56}},"loc":{"start":{"line":246,"column":58},"end":{"line":280,"column":1}}},"13":{"name":"(anonymous_13)","decl":{"start":{"line":250,"column":16},"end":{"line":250,"column":19}},"loc":{"start":{"line":250,"column":21},"end":{"line":274,"column":2}}},"14":{"name":"(anonymous_14)","decl":{"start":{"line":294,"column":34},"end":{"line":294,"column":64}},"loc":{"start":{"line":294,"column":66},"end":{"line":308,"column":1}}},"15":{"name":"(anonymous_15)","decl":{"start":{"line":298,"column":16},"end":{"line":298,"column":19}},"loc":{"start":{"line":298,"column":21},"end":{"line":307,"column":2}}},"16":{"name":"(anonymous_16)","decl":{"start":{"line":325,"column":33},"end":{"line":325,"column":62}},"loc":{"start":{"line":325,"column":64},"end":{"line":345,"column":1}}},"17":{"name":"(anonymous_17)","decl":{"start":{"line":328,"column":16},"end":{"line":328,"column":19}},"loc":{"start":{"line":328,"column":21},"end":{"line":344,"column":2}}},"18":{"name":"(anonymous_18)","decl":{"start":{"line":334,"column":21},"end":{"line":334,"column":22}},"loc":{"start":{"line":335,"column":3},"end":{"line":335,"column":75}}},"19":{"name":"(anonymous_19)","decl":{"start":{"line":351,"column":39},"end":{"line":351,"column":74}},"loc":{"start":{"line":351,"column":76},"end":{"line":370,"column":1}}},"20":{"name":"(anonymous_20)","decl":{"start":{"line":354,"column":16},"end":{"line":354,"column":19}},"loc":{"start":{"line":354,"column":21},"end":{"line":364,"column":2}}},"21":{"name":"(anonymous_21)","decl":{"start":{"line":380,"column":25},"end":{"line":380,"column":48}},"loc":{"start":{"line":380,"column":50},"end":{"line":389,"column":1}}},"22":{"name":"(anonymous_22)","decl":{"start":{"line":383,"column":16},"end":{"line":383,"column":19}},"loc":{"start":{"line":383,"column":21},"end":{"line":388,"column":2}}},"23":{"name":"(anonymous_23)","decl":{"start":{"line":399,"column":25},"end":{"line":399,"column":48}},"loc":{"start":{"line":399,"column":50},"end":{"line":407,"column":1}}},"24":{"name":"(anonymous_24)","decl":{"start":{"line":402,"column":16},"end":{"line":402,"column":19}},"loc":{"start":{"line":402,"column":21},"end":{"line":406,"column":2}}},"25":{"name":"(anonymous_25)","decl":{"start":{"line":423,"column":34},"end":{"line":423,"column":64}},"loc":{"start":{"line":423,"column":66},"end":{"line":449,"column":1}}},"26":{"name":"(anonymous_26)","decl":{"start":{"line":426,"column":16},"end":{"line":426,"column":19}},"loc":{"start":{"line":426,"column":21},"end":{"line":443,"column":2}}},"27":{"name":"(anonymous_27)","decl":{"start":{"line":463,"column":34},"end":{"line":463,"column":70}},"loc":{"start":{"line":463,"column":72},"end":{"line":470,"column":1}}},"28":{"name":"(anonymous_28)","decl":{"start":{"line":466,"column":16},"end":{"line":466,"column":19}},"loc":{"start":{"line":466,"column":21},"end":{"line":469,"column":2}}},"29":{"name":"(anonymous_29)","decl":{"start":{"line":485,"column":35},"end":{"line":485,"column":66}},"loc":{"start":{"line":485,"column":68},"end":{"line":503,"column":1}}},"30":{"name":"(anonymous_30)","decl":{"start":{"line":489,"column":16},"end":{"line":489,"column":19}},"loc":{"start":{"line":489,"column":21},"end":{"line":502,"column":2}}},"31":{"name":"(anonymous_31)","decl":{"start":{"line":518,"column":36},"end":{"line":518,"column":70}},"loc":{"start":{"line":518,"column":72},"end":{"line":525,"column":1}}},"32":{"name":"(anonymous_32)","decl":{"start":{"line":521,"column":16},"end":{"line":521,"column":19}},"loc":{"start":{"line":521,"column":21},"end":{"line":524,"column":2}}},"33":{"name":"(anonymous_33)","decl":{"start":{"line":541,"column":36},"end":{"line":541,"column":68}},"loc":{"start":{"line":541,"column":70},"end":{"line":553,"column":1}}},"34":{"name":"(anonymous_34)","decl":{"start":{"line":545,"column":16},"end":{"line":545,"column":19}},"loc":{"start":{"line":545,"column":21},"end":{"line":552,"column":2}}},"35":{"name":"(anonymous_35)","decl":{"start":{"line":569,"column":35},"end":{"line":569,"column":66}},"loc":{"start":{"line":569,"column":68},"end":{"line":639,"column":1}}},"36":{"name":"(anonymous_36)","decl":{"start":{"line":573,"column":16},"end":{"line":573,"column":19}},"loc":{"start":{"line":573,"column":21},"end":{"line":638,"column":2}}},"37":{"name":"(anonymous_37)","decl":{"start":{"line":581,"column":3},"end":{"line":581,"column":4}},"loc":{"start":{"line":581,"column":18},"end":{"line":581,"column":57}}},"38":{"name":"(anonymous_38)","decl":{"start":{"line":585,"column":3},"end":{"line":585,"column":4}},"loc":{"start":{"line":585,"column":18},"end":{"line":585,"column":57}}},"39":{"name":"(anonymous_39)","decl":{"start":{"line":594,"column":46},"end":{"line":594,"column":47}},"loc":{"start":{"line":594,"column":54},"end":{"line":629,"column":3}}},"40":{"name":"(anonymous_40)","decl":{"start":{"line":653,"column":35},"end":{"line":653,"column":68}},"loc":{"start":{"line":653,"column":70},"end":{"line":685,"column":1}}},"41":{"name":"(anonymous_41)","decl":{"start":{"line":657,"column":16},"end":{"line":657,"column":19}},"loc":{"start":{"line":657,"column":21},"end":{"line":677,"column":2}}},"42":{"name":"(anonymous_42)","decl":{"start":{"line":662,"column":19},"end":{"line":662,"column":20}},"loc":{"start":{"line":662,"column":27},"end":{"line":676,"column":3}}},"43":{"name":"(anonymous_43)","decl":{"start":{"line":702,"column":40},"end":{"line":702,"column":41}},"loc":{"start":{"line":702,"column":95},"end":{"line":722,"column":1}}},"44":{"name":"(anonymous_44)","decl":{"start":{"line":706,"column":16},"end":{"line":706,"column":19}},"loc":{"start":{"line":706,"column":21},"end":{"line":715,"column":2}}},"45":{"name":"(anonymous_45)","decl":{"start":{"line":739,"column":32},"end":{"line":739,"column":33}},"loc":{"start":{"line":739,"column":78},"end":{"line":773,"column":1}}},"46":{"name":"(anonymous_46)","decl":{"start":{"line":743,"column":16},"end":{"line":743,"column":19}},"loc":{"start":{"line":743,"column":21},"end":{"line":767,"column":2}}},"47":{"name":"(anonymous_47)","decl":{"start":{"line":746,"column":52},"end":{"line":746,"column":53}},"loc":{"start":{"line":746,"column":69},"end":{"line":752,"column":4}}},"48":{"name":"(anonymous_48)","decl":{"start":{"line":794,"column":42},"end":{"line":794,"column":43}},"loc":{"start":{"line":794,"column":98},"end":{"line":835,"column":1}}},"49":{"name":"(anonymous_49)","decl":{"start":{"line":798,"column":16},"end":{"line":798,"column":19}},"loc":{"start":{"line":798,"column":21},"end":{"line":822,"column":2}}}},"branchMap":{"0":{"loc":{"start":{"line":62,"column":2},"end":{"line":72,"column":3}},"type":"if","locations":[{"start":{"line":62,"column":2},"end":{"line":72,"column":3}},{"start":{"line":70,"column":9},"end":{"line":72,"column":3}}]},"1":{"loc":{"start":{"line":63,"column":3},"end":{"line":67,"column":38}},"type":"binary-expr","locations":[{"start":{"line":63,"column":3},"end":{"line":63,"column":45}},{"start":{"line":64,"column":3},"end":{"line":64,"column":20}},{"start":{"line":65,"column":3},"end":{"line":65,"column":21}},{"start":{"line":66,"column":3},"end":{"line":66,"column":23}},{"start":{"line":67,"column":4},"end":{"line":67,"column":18}},{"start":{"line":67,"column":22},"end":{"line":67,"column":37}}]},"2":{"loc":{"start":{"line":70,"column":9},"end":{"line":72,"column":3}},"type":"if","locations":[{"start":{"line":70,"column":9},"end":{"line":72,"column":3}}]},"3":{"loc":{"start":{"line":70,"column":13},"end":{"line":70,"column":85}},"type":"binary-expr","locations":[{"start":{"line":70,"column":14},"end":{"line":70,"column":27}},{"start":{"line":70,"column":31},"end":{"line":70,"column":46}},{"start":{"line":70,"column":52},"end":{"line":70,"column":66}},{"start":{"line":70,"column":70},"end":{"line":70,"column":84}}]},"4":{"loc":{"start":{"line":81,"column":11},"end":{"line":81,"column":68}},"type":"binary-expr","locations":[{"start":{"line":81,"column":11},"end":{"line":81,"column":27}},{"start":{"line":81,"column":32},"end":{"line":81,"column":47}},{"start":{"line":81,"column":51},"end":{"line":81,"column":67}}]},"5":{"loc":{"start":{"line":84,"column":16},"end":{"line":84,"column":79}},"type":"binary-expr","locations":[{"start":{"line":84,"column":16},"end":{"line":84,"column":30}},{"start":{"line":84,"column":34},"end":{"line":84,"column":79}}]},"6":{"loc":{"start":{"line":110,"column":1},"end":{"line":112,"column":2}},"type":"if","locations":[{"start":{"line":110,"column":1},"end":{"line":112,"column":2}}]},"7":{"loc":{"start":{"line":143,"column":2},"end":{"line":143,"column":37}},"type":"if","locations":[{"start":{"line":143,"column":2},"end":{"line":143,"column":37}}]},"8":{"loc":{"start":{"line":146,"column":38},"end":{"line":146,"column":54}},"type":"binary-expr","locations":[{"start":{"line":146,"column":38},"end":{"line":146,"column":49}},{"start":{"line":146,"column":53},"end":{"line":146,"column":54}}]},"9":{"loc":{"start":{"line":152,"column":16},"end":{"line":152,"column":38}},"type":"binary-expr","locations":[{"start":{"line":152,"column":16},"end":{"line":152,"column":27}},{"start":{"line":152,"column":31},"end":{"line":152,"column":38}}]},"10":{"loc":{"start":{"line":153,"column":14},"end":{"line":153,"column":25}},"type":"binary-expr","locations":[{"start":{"line":153,"column":14},"end":{"line":153,"column":19}},{"start":{"line":153,"column":23},"end":{"line":153,"column":25}}]},"11":{"loc":{"start":{"line":193,"column":2},"end":{"line":193,"column":74}},"type":"if","locations":[{"start":{"line":193,"column":2},"end":{"line":193,"column":74}}]},"12":{"loc":{"start":{"line":193,"column":6},"end":{"line":193,"column":55}},"type":"binary-expr","locations":[{"start":{"line":193,"column":6},"end":{"line":193,"column":27}},{"start":{"line":193,"column":31},"end":{"line":193,"column":55}}]},"13":{"loc":{"start":{"line":202,"column":14},"end":{"line":202,"column":50}},"type":"binary-expr","locations":[{"start":{"line":202,"column":14},"end":{"line":202,"column":37}},{"start":{"line":202,"column":41},"end":{"line":202,"column":50}}]},"14":{"loc":{"start":{"line":223,"column":2},"end":{"line":223,"column":37}},"type":"if","locations":[{"start":{"line":223,"column":2},"end":{"line":223,"column":37}}]},"15":{"loc":{"start":{"line":226,"column":20},"end":{"line":226,"column":67}},"type":"cond-expr","locations":[{"start":{"line":226,"column":52},"end":{"line":226,"column":57}},{"start":{"line":226,"column":60},"end":{"line":226,"column":67}}]},"16":{"loc":{"start":{"line":251,"column":2},"end":{"line":255,"column":20}},"type":"if","locations":[{"start":{"line":251,"column":2},"end":{"line":255,"column":20}}]},"17":{"loc":{"start":{"line":252,"column":3},"end":{"line":253,"column":49}},"type":"binary-expr","locations":[{"start":{"line":252,"column":3},"end":{"line":252,"column":47}},{"start":{"line":253,"column":3},"end":{"line":253,"column":49}}]},"18":{"loc":{"start":{"line":263,"column":29},"end":{"line":265,"column":9}},"type":"cond-expr","locations":[{"start":{"line":264,"column":5},"end":{"line":264,"column":57}},{"start":{"line":265,"column":5},"end":{"line":265,"column":9}}]},"19":{"loc":{"start":{"line":299,"column":2},"end":{"line":299,"column":56}},"type":"if","locations":[{"start":{"line":299,"column":2},"end":{"line":299,"column":56}}]},"20":{"loc":{"start":{"line":305,"column":37},"end":{"line":305,"column":51}},"type":"binary-expr","locations":[{"start":{"line":305,"column":37},"end":{"line":305,"column":46}},{"start":{"line":305,"column":50},"end":{"line":305,"column":51}}]},"21":{"loc":{"start":{"line":329,"column":2},"end":{"line":329,"column":88}},"type":"if","locations":[{"start":{"line":329,"column":2},"end":{"line":329,"column":88}}]},"22":{"loc":{"start":{"line":329,"column":6},"end":{"line":329,"column":69}},"type":"binary-expr","locations":[{"start":{"line":329,"column":6},"end":{"line":329,"column":36}},{"start":{"line":329,"column":40},"end":{"line":329,"column":69}}]},"23":{"loc":{"start":{"line":355,"column":2},"end":{"line":355,"column":44}},"type":"if","locations":[{"start":{"line":355,"column":2},"end":{"line":355,"column":44}}]},"24":{"loc":{"start":{"line":384,"column":2},"end":{"line":386,"column":3}},"type":"if","locations":[{"start":{"line":384,"column":2},"end":{"line":386,"column":3}}]},"25":{"loc":{"start":{"line":384,"column":6},"end":{"line":384,"column":58}},"type":"binary-expr","locations":[{"start":{"line":384,"column":6},"end":{"line":384,"column":26}},{"start":{"line":384,"column":30},"end":{"line":384,"column":58}}]},"26":{"loc":{"start":{"line":403,"column":2},"end":{"line":403,"column":61}},"type":"if","locations":[{"start":{"line":403,"column":2},"end":{"line":403,"column":61}}]},"27":{"loc":{"start":{"line":427,"column":2},"end":{"line":432,"column":20}},"type":"if","locations":[{"start":{"line":427,"column":2},"end":{"line":432,"column":20}}]},"28":{"loc":{"start":{"line":428,"column":3},"end":{"line":430,"column":46}},"type":"binary-expr","locations":[{"start":{"line":428,"column":3},"end":{"line":428,"column":49}},{"start":{"line":429,"column":3},"end":{"line":429,"column":47}},{"start":{"line":430,"column":3},"end":{"line":430,"column":46}}]},"29":{"loc":{"start":{"line":467,"column":2},"end":{"line":467,"column":56}},"type":"if","locations":[{"start":{"line":467,"column":2},"end":{"line":467,"column":56}}]},"30":{"loc":{"start":{"line":490,"column":2},"end":{"line":490,"column":58}},"type
[...]
p":{"0":{"name":"(anonymous_0)","decl":{"start":{"line":23,"column":1},"end":{"line":23,"column":13}},"loc":{"start":{"line":23,"column":58},"end":{"line":28,"column":2}}},"1":{"name":"(anonymous_1)","decl":{"start":{"line":41,"column":11},"end":{"line":41,"column":24}},"loc":{"start":{"line":41,"column":24},"end":{"line":70,"column":2}}},"2":{"name":"(anonymous_2)","decl":{"start":{"line":86,"column":8},"end":{"line":86,"column":17}},"loc":{"start":{"line":86,"column":34},"end":{"line":100,"column":2}}}},"branchMap":{"0":{"loc":{"start":{"line":43,"column":16},"end":{"line":43,"column":43}},"type":"cond-expr","locations":[{"start":{"line":43,"column":29},"end":{"line":43,"column":39}},{"start":{"line":43,"column":42},"end":{"line":43,"column":43}}]},"1":{"loc":{"start":{"line":51,"column":19},"end":{"line":51,"column":38}},"type":"cond-expr","locations":[{"start":{"line":51,"column":29},"end":{"line":51,"column":30}},{"start":{"line":51,"column":33},"end":{"line":51,"column":38}}]},"2":{"loc":{"start":{"line":54,"column":14},"end":{"line":54,"column":40}},"type":"binary-expr","locations":[{"start":{"line":54,"column":14},"end":{"line":54,"column":25}},{"start":{"line":54,"column":29},"end":{"line":54,"column":40}}]},"3":{"loc":{"start":{"line":62,"column":3},"end":{"line":66,"column":4}},"type":"if","locations":[{"start":{"line":62,"column":3},"end":{"line":66,"column":4}}]},"4":{"loc":{"start":{"line":86,"column":18},"end":{"line":86,"column":34}},"type":"default-arg","locations":[{"start":{"line":86,"column":29},"end":{"line":86,"column":34}}]},"5":{"loc":{"start":{"line":89,"column":2},"end":{"line":97,"column":3}},"type":"if","locations":[{"start":{"line":89,"column":2},"end":{"line":97,"column":3}}]},"6":{"loc":{"start":{"line":99,"column":37},"end":{"line":99,"column":49}},"type":"binary-expr","locations":[{"start":{"line":99,"column":37},"end":{"line":99,"column":41}},{"start":{"line":99,"column":45},"end":{"line":99,"column":49}}]}},"s":{"0":0,"1":0,"2":0,"3":0,"4":0,"5":0,"6":0,"7":0,"8":0,"9":0,"10":0,"11":0,"12":0,"13":0,"14":0,"15":0,"16":0,"17":0,"18":0,"19":0,"20":0,"21":0,"22":0,"23":0,"24":0,"25":0,"26":0,"27":0,"28":0,"29":0,"30":0,"31":0,"32":1},"f":{"0":0,"1":0,"2":0},"b":{"0":[0,0],"1":[0,0],"2":[0,0],"3":[0],"4":[0],"5":[0],"6":[0,0]}}
,"/Users/inmo/Documents/Projects/weather30react/src/utils/services/definitions/daily.temp.definition.ts": {"path":"/Users/inmo/Documents/Projects/weather30react/src/utils/services/definitions/daily.temp.definition.ts","statementMap":{"0":{"start":{"line":8,"column":34},"end":{"line":15,"column":2}},"1":{"start":{"line":17,"column":46},"end":{"line":55,"column":2}},"2":{"start":{"line":57,"column":34},"end":{"line":59,"column":1}},"3":{"start":{"line":58,"column":1},"end":{"line":58,"column":80}},"4":{"start":{"line":58,"column":34},"end":{"line":58,"column":78}},"5":{"start":{"line":57,"column":13},"end":{"line":57,"column":34}}},"fnMap":{"0":{"name":"(anonymous_0)","decl":{"start":{"line":57,"column":34},"end":{"line":57,"column":35}},"loc":{"start":{"line":57,"column":73},"end":{"line":59,"column":1}}},"1":{"name":"(anonymous_1)","decl":{"start":{"line":58,"column":24},"end":{"line":58,"column":25}},"loc":{"start":{"line":58,"column":34},"end":{"line":58,"column":78}}}},"branchMap":{"0":{"loc":{"start":{"line":58,"column":34},"end":{"line":58,"column":78}},"type":"binary-expr","locations":[{"start":{"line":58,"column":34},"end":{"line":58,"column":54}},{"start":{"line":58,"column":58},"end":{"line":58,"column":78}}]}},"s":{"0":1,"1":1,"2":1,"3":0,"4":0,"5":1},"f":{"0":0,"1":0},"b":{"0":[0,0]}}
,"/Users/inmo/Documents/Projects/weather30react/src/utils/services/definitions/daily.temp.scale.ts": {"path":"/Users/inmo/Documents/Projects/weather30react/src/utils/services/definitions/daily.temp.scale.ts","statementMap":{"0":{"start":{"line":22,"column":35},"end":{"line":31,"column":1}},"1":{"start":{"line":28,"column":19},"end":{"line":28,"column":50}},"2":{"start":{"line":30,"column":1},"end":{"line":30,"column":38}},"3":{"start":{"line":22,"column":13},"end":{"line":22,"column":35}}},"fnMap":{"0":{"name":"(anonymous_0)","decl":{"start":{"line":22,"column":35},"end":{"line":22,"column":null}},"loc":{"start":{"line":27,"column":12},"end":{"line":31,"column":1}}}},"branchMap":{},"s":{"0":1,"1":0,"2":0,"3":1},"f":{"0":0},"b":{}}
,"/Users/inmo/Documents/Projects/weather30react/src/utils/services/definitions/pressure.definition.ts": {"path":"/Users/inmo/Documents/Projects/weather30react/src/utils/services/definitions/pressure.definition.ts","statementMap":{"0":{"start":{"line":42,"column":34},"end":{"line":70,"column":1}},"1":{"start":{"line":43,"column":12},"end":{"line":43,"column":14}},"2":{"start":{"line":44,"column":12},"end":{"line":44,"column":14}},"3":{"start":{"line":45,"column":16},"end":{"line":45,"column":18}},"4":{"start":{"line":46,"column":21},"end":{"line":46,"column":24}},"5":{"start":{"line":47,"column":21},"end":{"line":47,"column":25}},"6":{"start":{"line":48,"column":15},"end":{"line":48,"column":40}},"7":{"start":{"line":49,"column":20},"end":{"line":49,"column":24}},"8":{"start":{"line":50,"column":19},"end":{"line":50,"column":43}},"9":{"start":{"line":51,"column":22},"end":{"line":51,"column":71}},"10":{"start":{"line":54,"column":16},"end":{"line":63,"column":3}},"11":{"start":{"line":55,"column":16},"end":{"line":55,"column":37}},"12":{"start":{"line":56,"column":18},"end":{"line":56,"column":48}},"13":{"start":{"line":57,"column":2},"end":{"line":62,"column":4}},"14":{"start":{"line":65,"column":1},"end":{"line":69,"column":3}},"15":{"start":{"line":42,"column":13},"end":{"line":42,"column":34}}},"fnMap":{"0":{"name":"(anonymous_0)","decl":{"start":{"line":42,"column":34},"end":{"line":42,"column":35}},"loc":{"start":{"line":42,"column":67},"end":{"line":70,"column":1}}},"1":{"name":"(anonymous_1)","decl":{"start":{"line":54,"column":50},"end":{"line":54,"column":51}},"loc":{"start":{"line":54,"column":63},"end":{"line":63,"column":2}}}},"branchMap":{"0":{"loc":{"start":{"line":42,"column":53},"end":{"line":42,"column":63}},"type":"default-arg","locations":[{"start":{"line":42,"column":61},"end":{"line":42,"column":63}}]}},"s":{"0":1,"1":0,"2":0,"3":0,"4":0,"5":0,"6":0,"7":0,"8":0,"9":0,"10":0,"11":0,"12":0,"13":0,"14":0,"15":1},"f":{"0":0,"1":0},"b":{"0":[0]}}
,"/Users/inmo/Documents/Projects/weather30react/src/utils/services/definitions/sunDefinition.ts": {"path":"/Users/inmo/Documents/Projects/weather30react/src/utils/services/definitions/sunDefinition.ts","statementMap":{"0":{"start":{"line":7,"column":25},"end":{"line":7,"column":30}},"1":{"start":{"line":24,"column":29},"end":{"line":41,"column":1}},"2":{"start":{"line":25,"column":15},"end":{"line":25,"column":44}},"3":{"start":{"line":29,"column":1},"end":{"line":33,"column":2}},"4":{"start":{"line":30,"column":2},"end":{"line":30,"column":35}},"5":{"start":{"line":31,"column":2},"end":{"line":31,"column":37}},"6":{"start":{"line":32,"column":2},"end":{"line":32,"column":55}},"7":{"start":{"line":35,"column":21},"end":{"line":35,"column":47}},"8":{"start":{"line":36,"column":20},"end":{"line":36,"column":45}},"9":{"start":{"line":37,"column":1},"end":{"line":37,"column":75}},"10":{"start":{"line":38,"column":1},"end":{"line":38,"column":67}},"11":{"start":{"line":40,"column":1},"end":{"line":40,"column":54}},"12":{"start":{"line":24,"column":13},"end":{"line":24,"column":29}}},"fnMap":{"0":{"name":"(anonymous_0)","decl":{"start":{"line":24,"column":29},"end":{"line":24,"column":30}},"loc":{"start":{"line":24,"column":98},"end":{"line":41,"column":1}}}},"branchMap":{"0":{"loc":{"start":{"line":25,"column":15},"end":{"line":25,"column":44}},"type":"binary-expr","locations":[{"start":{"line":25,"column":15},"end":{"line":25,"column":28}},{"start":{"line":25,"column":32},"end":{"line":25,"column":44}}]},"1":{"loc":{"start":{"line":29,"column":1},"end":{"line":33,"column":2}},"type":"if","locations":[{"start":{"line":29,"column":1},"end":{"line":33,"column":2}}]},"2":{"loc":{"start":{"line":37,"column":17},"end":{"line":37,"column":74}},"type":"cond-expr","locations":[{"start":{"line":37,"column":31},"end":{"line":37,"column":51}},{"start":{"line":37,"column":54},"end":{"line":37,"column":74}}]},"3":{"loc":{"start":{"line":38,"column":23},"end":{"line":38,"column":66}},"type":"cond-expr","locations":[{"start":{"line":38,"column":37},"end":{"line":38,"column":48}},{"start":{"line":38,"column":51},"end":{"line":38,"column":66}}]}},"s":{"0":1,"1":1,"2":0,"3":0,"4":0,"5":0,"6":0,"7":0,"8":0,"9":0,"10":0,"11":0,"12":1},"f":{"0":0},"b":{"0":[0,0],"1":[0],"2":[0,0],"3":[0,0]}}
,"/Users/inmo/Documents/Projects/weather30react/src/utils/services/definitions/visibility.definition.ts": {"path":"/Users/inmo/Documents/Projects/weather30react/src/utils/services/definitions/visibility.definition.ts","statementMap":{"0":{"start":{"line":21,"column":49},"end":{"line":30,"column":2}},"1":{"start":{"line":38,"column":34},"end":{"line":45,"column":1}},"2":{"start":{"line":39,"column":15},"end":{"line":39,"column":89}},"3":{"start":{"line":39,"column":48},"end":{"line":39,"column":88}},"4":{"start":{"line":40,"column":18},"end":{"line":40,"column":92}},"5":{"start":{"line":41,"column":1},"end":{"line":44,"column":3}},"6":{"start":{"line":38,"column":13},"end":{"line":38,"column":34}}},"fnMap":{"0":{"name":"(anonymous_0)","decl":{"start":{"line":38,"column":34},"end":{"line":38,"column":35}},"loc":{"start":{"line":38,"column":71},"end":{"line":45,"column":1}}},"1":{"name":"(anonymous_1)","decl":{"start":{"line":39,"column":37},"end":{"line":39,"column":38}},"loc":{"start":{"line":39,"column":48},"end":{"line":39,"column":88}}}},"branchMap":{"0":{"loc":{"start":{"line":39,"column":48},"end":{"line":39,"column":88}},"type":"binary-expr","locations":[{"start":{"line":39,"column":48},"end":{"line":39,"column":66}},{"start":{"line":39,"column":70},"end":{"line":39,"column":88}}]},"1":{"loc":{"start":{"line":40,"column":18},"end":{"line":40,"column":92}},"type":"cond-expr","locations":[{"start":{"line":40,"column":34},"end":{"line":40,"column":78}},{"start":{"line":40,"column":81},"end":{"line":40,"column":92}}]},"2":{"loc":{"start":{"line":42,"column":9},"end":{"line":42,"column":46}},"type":"cond-expr","locations":[{"start":{"line":42,"column":17},"end":{"line":42,"column":28}},{"start":{"line":42,"column":31},"end":{"line":42,"column":46}}]}},"s":{"0":1,"1":1,"2":0,"3":0,"4":0,"5":0,"6":1},"f":{"0":0,"1":0},"b":{"0":[0,0],"1":[0,0],"2":[0,0]}}
,"/Users/inmo/Documents/Projects/weather30react/src/utils/services/definitions/wind.direction.ts": {"path":"/Users/inmo/Documents/Projects/weather30react/src/utils/services/definitions/wind.direction.ts","statementMap":{"0":{"start":{"line":13,"column":32},"end":{"line":52,"column":1}},"1":{"start":{"line":14,"column":20},"end":{"line":47,"column":3}},"2":{"start":{"line":49,"column":15},"end":{"line":49,"column":45}},"3":{"start":{"line":51,"column":1},"end":{"line":51,"column":76}},"4":{"start":{"line":13,"column":13},"end":{"line":13,"column":32}}},"fnMap":{"0":{"name":"(anonymous_0)","decl":{"start":{"line":13,"column":32},"end":{"line":13,"column":33}},"loc":{"start":{"line":13,"column":96},"end":{"line":52,"column":1}}}},"branchMap":{"0":{"loc":{"start":{"line":13,"column":52},"end":{"line":13,"column":84}},"type":"default-arg","locations":[{"start":{"line":13,"column":77},"end":{"line":13,"column":84}}]},"1":{"loc":{"start":{"line":51,"column":8},"end":{"line":51,"column":75}},"type":"cond-expr","locations":[{"start":{"line":51,"column":27},"end":{"line":51,"column":50}},{"start":{"line":51,"column":53},"end":{"line":51,"column":75}}]}},"s":{"0":1,"1":0,"2":0,"3":0,"4":1},"f":{"0":0},"b":{"0":[0],"1":[0,0]}}
,"/Users/inmo/Documents/Projects/weather30react/src/utils/services/time/time.service.ts": {"path":"/Users/inmo/Documents/Projects/weather30react/src/utils/services/time/time.service.ts","statementMap":{"0":{"start":{"line":4,"column":38},"end":{"line":4,"column":40}},"1":{"start":{"line":8,"column":2},"end":{"line":8,"column":56}},"2":{"start":{"line":9,"column":2},"end":{"line":9,"column":27}},"3":{"start":{"line":13,"column":46},"end":{"line":13,"column":56}},"4":{"start":{"line":15,"column":2},"end":{"line":18,"column":3}},"5":{"start":{"line":17,"column":3},"end":{"line":17,"column":36}},"6":{"start":{"line":20,"column":2},"end":{"line":20,"column":52}},"7":{"start":{"line":33,"column":49},"end":{"line":33,"column":51}},"8":{"start":{"line":35,"column":2},"end":{"line":44,"column":3}},"9":{"start":{"line":36,"column":3},"end":{"line":36,"column":31}},"10":{"start":{"line":37,"column":9},"end":{"line":44,"column":3}},"11":{"start":{"line":38,"column":3},"end":{"line":38,"column":33}},"12":{"start":{"line":39,"column":9},"end":{"line":44,"column":3}},"13":{"start":{"line":40,"column":3},"end":{"line":40,"column":31}},"14":{"start":{"line":41,"column":3},"end":{"line":41,"column":33}},"15":{"start":{"line":43,"column":3},"end":{"line":43,"column":75}},"16":{"start":{"line":46,"column":22},"end":{"line":46,"column":49}},"17":{"start":{"line":47,"column":2},"end":{"line":52,"column":3}},"18":{"start":{"line":49,"column":15},"end":{"line":49,"column":50}},"19":{"start":{"line":50,"column":17},"end":{"line":50,"column":52}},"20":{"start":{"line":51,"column":3},"end":{"line":51,"column":37}},"21":{"start":{"line":54,"column":2},"end":{"line":54,"column":39}},"22":{"start":{"line":55,"column":2},"end":{"line":55,"column":14}},"23":{"start":{"line":64,"column":2},"end":{"line":64,"column":56}},"24":{"start":{"line":66,"column":2},"end":{"line":66,"column":14}},"25":{"start":{"line":75,"column":2},"end":{"line":75,"column":60}},"26":{"start":{"line":77,"column":2},"end":{"line":77,"column":14}},"27":{"start":{"line":86,"column":2},"end":{"line":86,"column":58}},"28":{"start":{"line":87,"column":2},"end":{"line":87,"column":14}},"29":{"start":{"line":96,"column":2},"end":{"line":96,"column":57}},"30":{"start":{"line":97,"column":2},"end":{"line":97,"column":14}},"31":{"start":{"line":107,"column":2},"end":{"line":126,"column":3}},"32":{"start":{"line":109,"column":4},"end":{"line":109,"column":31}},"33":{"start":{"line":110,"column":4},"end":{"line":110,"column":10}},"34":{"start":{"line":112,"column":4},"end":{"line":112,"column":31}},"35":{"start":{"line":113,"column":4},"end":{"line":113,"column":10}},"36":{"start":{"line":115,"column":4},"end":{"line":115,"column":31}},"37":{"start":{"line":116,"column":4},"end":{"line":116,"column":10}},"38":{"start":{"line":118,"column":4},"end":{"line":118,"column":32}},"39":{"start":{"line":119,"column":4},"end":{"line":119,"column":10}},"40":{"start":{"line":121,"column":4},"end":{"line":121,"column":31}},"41":{"start":{"line":122,"column":4},"end":{"line":122,"column":10}},"42":{"start":{"line":124,"column":4},"end":{"line":124,"column":31}},"43":{"start":{"line":125,"column":4},"end":{"line":125,"column":10}},"44":{"start":{"line":128,"column":2},"end":{"line":128,"column":14}},"45":{"start":{"line":131,"column":17},"end":{"line":131,"column":42}},"46":{"start":{"line":132,"column":2},"end":{"line":132,"column":24}},"47":{"start":{"line":134,"column":2},"end":{"line":134,"column":16}},"48":{"start":{"line":3,"column":0},"end":{"line":3,"column":13}}},"fnMap":{"0":{"name":"(anonymous_0)","decl":{"start":{"line":7,"column":1},"end":{"line":7,"column":13}},"loc":{"start":{"line":7,"column":45},"end":{"line":10,"column":2}}},"1":{"name":"(anonymous_1)","decl":{"start":{"line":12,"column":9},"end":{"line":12,"column":19}},"loc":{"start":{"line":12,"column":75},"end":{"line":21,"column":2}}},"2":{"name":"(anonymous_2)","decl":{"start":{"line":32,"column":1},"end":{"line":32,"column":8}},"loc":{"start":{"line":32,"column":78},"end":{"line":56,"column":2}}},"3":{"name":"(anonymous_3)","decl":{"start":{"line":63,"column":1},"end":{"line":63,"column":7}},"loc":{"start":{"line":63,"column":35},"end":{"line":67,"column":2}}},"4":{"name":"(anonymous_4)","decl":{"start":{"line":74,"column":1},"end":{"line":74,"column":11}},"loc":{"start":{"line":74,"column":45},"end":{"line":78,"column":2}}},"5":{"name":"(anonymous_5)","decl":{"start":{"line":85,"column":1},"end":{"line":85,"column":9}},"loc":{"start":{"line":85,"column":67},"end":{"line":88,"column":2}}},"6":{"name":"(anonymous_6)","decl":{"start":{"line":95,"column":1},"end":{"line":95,"column":8}},"loc":{"start":{"line":95,"column":36},"end":{"line":98,"column":2}}},"7":{"name":"(anonymous_7)","decl":{"start":{"line":106,"column":1},"end":{"line":106,"column":11}},"loc":{"start":{"line":106,"column":67},"end":{"line":129,"column":2}}},"8":{"name":"(anonymous_8)","decl":{"start":{"line":130,"column":1},"end":{"line":130,"column":7}},"loc":{"start":{"line":130,"column":7},"end":{"line":135,"column":2}}}},"branchMap":{"0":{"loc":{"start":{"line":8,"column":14},"end":{"line":8,"column":55}},"type":"cond-expr","locations":[{"start":{"line":8,"column":21},"end":{"line":8,"column":42}},{"start":{"line":8,"column":45},"end":{"line":8,"column":55}}]},"1":{"loc":{"start":{"line":12,"column":60},"end":{"line":12,"column":75}},"type":"default-arg","locations":[{"start":{"line":12,"column":71},"end":{"line":12,"column":75}}]},"2":{"loc":{"start":{"line":15,"column":2},"end":{"line":18,"column":3}},"type":"if","locations":[{"start":{"line":15,"column":2},"end":{"line":18,"column":3}}]},"3":{"loc":{"start":{"line":15,"column":6},"end":{"line":15,"column":31}},"type":"binary-expr","locations":[{"start":{"line":15,"column":6},"end":{"line":15,"column":19}},{"start":{"line":15,"column":23},"end":{"line":15,"column":31}}]},"4":{"loc":{"start":{"line":32,"column":56},"end":{"line":32,"column":78}},"type":"default-arg","locations":[{"start":{"line":32,"column":73},"end":{"line":32,"column":78}}]},"5":{"loc":{"start":{"line":35,"column":2},"end":{"line":44,"column":3}},"type":"if","locations":[{"start":{"line":35,"column":2},"end":{"line":44,"column":3}},{"start":{"line":37,"column":9},"end":{"line":44,"column":3}}]},"6":{"loc":{"start":{"line":37,"column":9},"end":{"line":44,"column":3}},"type":"if","locations":[{"start":{"line":37,"column":9},"end":{"line":44,"column":3}},{"start":{"line":39,"column":9},"end":{"line":44,"column":3}}]},"7":{"loc":{"start":{"line":39,"column":9},"end":{"line":44,"column":3}},"type":"if","locations":[{"start":{"line":39,"column":9},"end":{"line":44,"column":3}},{"start":{"line":42,"column":9},"end":{"line":44,"column":3}}]},"8":{"loc":{"start":{"line":47,"column":2},"end":{"line":52,"column":3}},"type":"if","locations":[{"start":{"line":47,"column":2},"end":{"line":52,"column":3}}]},"9":{"loc":{"start":{"line":47,"column":6},"end":{"line":47,"column":69}},"type":"binary-expr","locations":[{"start":{"line":47,"column":6},"end":{"line":47,"column":22}},{"start":{"line":47,"column":26},"end":{"line":47,"column":40}},{"start":{"line":47,"column":44},"end":{"line":47,"column":69}}]},"10":{"loc":{"start":{"line":107,"column":2},"end":{"line":126,"column":3}},"type":"switch","locations":[{"start":{"line":108,"column":3},"end":{"line":110,"column":10}},{"start":{"line":111,"column":3},"end":{"line":113,"column":10}},{"start":{"line":114,"column":3},"end":{"line":116,"column":10}},{"start":{"line":117,"column":3},"end":{"line":119,"column":10}},{"start":{"line":120,"column":3},"end":{"line":122,"column":10}},{"start":{"line":123,"column":3},"end":{"line":125,"column":10}}]}},"s":{"0":0,"1":0,"2":0,"3":0,"4":0,"5":0,"6":0,"7":0,"8":0,"9":0,"10":0,"11":0,"12":0,"13":0,"14":0,"15":0,"16":0,"17":0,"18":0,"19":0,"20":0,"21":0,"22":0,"23":0,"24":0,"25":0,"26":0,"27":0,"28":0,"29":0,"30":0,"31":0,"32":0,"33":0,"34":0,"35":0,"36":0,"37":0,"38":0,"39":0,"40":0,"41":0,"42":0,"43":0,"44":0,"45":0,"46":0,"47":0,"48":1},"f":{"0":0,"1":0,"2":0,"3":0,"4":0,"5":0,"6":0,"7":0,"8":0},"b":{"0":[0,0],"1":[0],"2":[0],"3":[0,0],"4":[0],"5":[0,0],"6":[0,0],"7":[0,0],"8":[0],"9":[0,0,0],"10":[0,0,0,0,0,0]}}
}
