TN:
SF:src/api/weatherApi.ts
FN:21,(anonymous_1)
FNF:1
FNH:1
FNDA:6,(anonymous_1)
DA:1,1
DA:3,1
DA:8,1
DA:21,1
DA:22,6
DA:23,6
DA:24,6
DA:25,6
DA:26,6
DA:27,3
DA:29,4
DA:30,4
LF:12
LH:12
BRDA:23,0,0,3
BRDA:23,0,1,3
BRDA:24,1,0,3
BRDA:24,1,1,3
BRF:4
BRH:4
end_of_record
TN:
SF:src/components/Sidebar/CityName.tsx
FN:11,(anonymous_1)
FNF:1
FNH:1
FNDA:2,(anonymous_1)
DA:1,1
DA:2,1
DA:3,1
DA:11,1
DA:12,2
DA:14,2
DA:32,1
LF:7
LH:7
BRF:0
BRH:0
end_of_record
TN:
SF:src/components/Sidebar/Controls.tsx
FN:17,(anonymous_1)
FNF:1
FNH:1
FNDA:3,(anonymous_1)
DA:1,1
DA:2,1
DA:3,1
DA:4,1
DA:17,1
DA:18,3
DA:19,3
DA:21,3
DA:34,1
DA:35,1
DA:37,1
LF:11
LH:11
BRF:0
BRH:0
end_of_record
TN:
SF:src/components/Sidebar/UserCityList/UserCityList.tsx
FN:18,(anonymous_1)
FN:39,(anonymous_2)
FNF:2
FNH:1
FNDA:1,(anonymous_1)
FNDA:0,(anonymous_2)
DA:1,1
DA:3,1
DA:4,1
DA:5,1
DA:6,1
DA:18,1
DA:19,1
DA:20,1
DA:23,1
DA:40,0
DA:55,1
DA:56,1
DA:58,1
LF:13
LH:12
BRDA:28,0,0,1
BRDA:28,0,1,0
BRDA:32,1,0,0
BRDA:32,1,1,0
BRDA:38,2,0,0
BRDA:38,2,1,1
BRF:6
BRH:2
end_of_record
TN:
SF:src/components/Sidebar/UserCityList/UserCityListItem.tsx
FN:21,(anonymous_1)
FN:43,(anonymous_2)
FN:53,(anonymous_3)
FNF:3
FNH:3
FNDA:3,(anonymous_1)
FNDA:1,(anonymous_2)
FNDA:1,(anonymous_3)
DA:2,2
DA:3,2
DA:4,2
DA:5,2
DA:6,2
DA:7,2
DA:8,2
DA:9,2
DA:10,2
DA:21,2
DA:29,3
DA:36,3
DA:37,3
DA:39,3
DA:43,3
DA:44,1
DA:45,1
DA:48,3
DA:50,3
DA:53,1
DA:78,2
LF:21
LH:21
BRDA:36,0,0,3
BRDA:36,0,1,0
BRDA:39,1,0,3
BRDA:39,1,1,3
BRDA:39,1,2,0
BRDA:39,2,0,3
BRDA:39,2,1,3
BRDA:39,2,2,3
BRDA:39,2,3,3
BRDA:52,3,0,0
BRDA:52,3,1,3
BRDA:63,4,0,3
BRDA:63,4,1,0
BRDA:71,5,0,2
BRDA:71,5,1,1
BRF:15
BRH:11
end_of_record
TN:
SF:src/components/UI/Button.tsx
FN:41,(anonymous_0)
FNF:1
FNH:1
FNDA:5,(anonymous_0)
DA:1,3
DA:3,3
DA:4,3
DA:6,3
DA:41,3
DA:42,5
DA:45,3
LF:7
LH:7
BRF:0
BRH:0
end_of_record
TN:
SF:src/components/UI/ControlToggler.tsx
FN:19,(anonymous_0)
FNF:1
FNH:1
FNDA:6,(anonymous_0)
DA:1,1
DA:2,1
DA:6,1
DA:19,1
DA:20,6
DA:22,6
DA:23,6
DA:25,6
DA:26,3
DA:27,3
DA:29,0
DA:31,3
DA:32,3
DA:33,0
DA:35,3
DA:38,0
DA:41,6
DA:73,1
LF:18
LH:15
BRDA:22,0,0,3
BRDA:22,0,1,3
BRDA:23,1,0,3
BRDA:23,1,1,3
BRDA:25,2,0,3
BRDA:25,2,1,3
BRDA:26,3,0,3
BRDA:26,3,1,0
BRDA:31,4,0,3
BRDA:31,4,1,0
BRDA:32,5,0,0
BRDA:32,5,1,3
BRDA:49,6,0,3
BRDA:49,6,1,3
BRDA:54,7,0,3
BRDA:54,7,1,3
BRDA:57,8,0,6
BRDA:57,8,1,3
BRDA:62,9,0,3
BRDA:62,9,1,3
BRDA:65,10,0,6
BRDA:65,10,1,3
BRF:22
BRH:19
end_of_record
TN:
SF:src/components/UI/WithMemo.tsx
FN:3,(anonymous_0)
FNF:1
FNH:1
FNDA:2,(anonymous_0)
DA:1,2
DA:3,2
DA:5,2
DA:7,2
LF:4
LH:4
BRF:0
BRH:0
end_of_record
TN:
SF:src/components/UI/Global/Wrapper.tsx
FN:16,(anonymous_0)
FNF:1
FNH:1
FNDA:4,(anonymous_0)
DA:1,2
DA:16,2
DA:17,4
DA:18,4
DA:25,2
DA:27,2
LF:6
LH:6
BRF:0
BRH:0
end_of_record
TN:
SF:src/components/UI/SkeletonLoader/Skeleton.tsx
FN:1,(anonymous_0)
FNF:1
FNH:1
FNDA:7,(anonymous_0)
DA:1,1
DA:2,7
DA:10,1
LF:3
LH:3
BRF:0
BRH:0
end_of_record
TN:
SF:src/components/UI/SvgScale/SvgScale.tsx
FN:17,(anonymous_0)
FN:52,(anonymous_1)
FNF:2
FNH:2
FNDA:12,(anonymous_0)
FNDA:33,(anonymous_1)
DA:17,1
DA:18,12
DA:19,12
DA:25,12
DA:27,12
DA:33,12
DA:43,12
DA:53,33
DA:54,33
DA:55,33
DA:79,1
LF:11
LH:11
BRDA:25,0,0,3
BRDA:25,0,1,9
BRDA:33,1,0,12
BRDA:33,1,1,0
BRF:4
BRH:3
end_of_record
TN:
SF:src/router/routes.const.ts
FNF:0
FNH:0
DA:1,3
LF:1
LH:1
BRF:0
BRH:0
end_of_record
TN:
SF:src/utils/cn.ts
FN:9,(anonymous_0)
FNF:1
FNH:1
FNDA:5,(anonymous_0)
DA:1,3
DA:2,3
DA:9,5
LF:3
LH:3
BRF:0
BRH:0
end_of_record
TN:
SF:src/utils/constructUrl.ts
FN:10,(anonymous_0)
FN:18,(anonymous_1)
FN:19,(anonymous_2)
FN:27,(anonymous_3)
FN:29,(anonymous_4)
FNF:5
FNH:3
FNDA:3,(anonymous_0)
FNDA:12,(anonymous_1)
FNDA:12,(anonymous_2)
FNDA:0,(anonymous_3)
FNDA:0,(anonymous_4)
DA:10,2
DA:17,3
DA:18,12
DA:19,12
DA:24,3
DA:27,0
DA:30,0
DA:36,3
DA:39,3
LF:9
LH:7
BRDA:14,0,0,0
BRDA:18,1,0,12
BRDA:18,1,1,12
BRDA:24,2,0,0
BRDA:24,2,1,3
BRDA:27,3,0,0
BRDA:27,3,1,0
BRDA:36,4,0,0
BRDA:36,4,1,3
BRDA:39,5,0,3
BRDA:39,5,1,0
BRF:11
BRH:5
end_of_record
