TN:
SF:src/api/index.ts
FN:17,(anonymous_1)
FNF:1
FNH:0
FNDA:0,(anonymous_1)
DA:1,1
DA:2,1
DA:3,1
DA:5,1
DA:17,1
DA:18,0
DA:19,0
DA:20,0
DA:24,0
DA:26,0
DA:30,1
LF:11
LH:6
BRDA:18,0,0,0
BRDA:18,1,0,0
BRDA:18,1,1,0
BRF:3
BRH:0
end_of_record
TN:
SF:src/api/weatherApi.ts
FN:21,(anonymous_1)
FNF:1
FNH:1
FNDA:6,(anonymous_1)
DA:1,2
DA:3,2
DA:8,2
DA:21,2
DA:22,6
DA:23,6
DA:24,6
DA:25,6
DA:26,6
DA:27,3
DA:29,4
DA:30,4
LF:12
LH:12
BRDA:23,0,0,3
BRDA:23,0,1,3
BRDA:24,1,0,3
BRDA:24,1,1,3
BRF:4
BRH:4
end_of_record
TN:
SF:src/components/Sidebar/CityName.tsx
FN:11,(anonymous_1)
FNF:1
FNH:1
FNDA:2,(anonymous_1)
DA:1,2
DA:2,2
DA:3,2
DA:11,2
DA:12,2
DA:14,2
DA:32,2
LF:7
LH:7
BRF:0
BRH:0
end_of_record
TN:
SF:src/components/Sidebar/Controls.tsx
FN:17,(anonymous_1)
FNF:1
FNH:0
FNDA:0,(anonymous_1)
DA:1,1
DA:2,1
DA:3,1
DA:4,1
DA:17,1
DA:18,0
DA:19,0
DA:21,0
DA:31,1
DA:32,1
DA:34,1
LF:11
LH:8
BRF:0
BRH:0
end_of_record
TN:
SF:src/components/Sidebar/MainWeather.tsx
FN:17,(anonymous_1)
FNF:1
FNH:0
FNDA:0,(anonymous_1)
DA:1,1
DA:3,1
DA:4,1
DA:5,1
DA:6,1
DA:17,1
DA:22,0
DA:44,1
DA:45,1
DA:47,1
LF:10
LH:9
BRF:0
BRH:0
end_of_record
TN:
SF:src/components/Sidebar/MainWeatherIcon.tsx
FN:6,(anonymous_7)
FN:6,(anonymous_8)
FN:7,(anonymous_9)
FN:7,(anonymous_10)
FN:8,(anonymous_11)
FN:8,(anonymous_12)
FN:9,(anonymous_13)
FN:9,(anonymous_14)
FN:10,(anonymous_15)
FN:10,(anonymous_16)
FN:30,(anonymous_17)
FNF:11
FNH:0
FNDA:0,(anonymous_7)
FNDA:0,(anonymous_8)
FNDA:0,(anonymous_9)
FNDA:0,(anonymous_10)
FNDA:0,(anonymous_11)
FNDA:0,(anonymous_12)
FNDA:0,(anonymous_13)
FNDA:0,(anonymous_14)
FNDA:0,(anonymous_15)
FNDA:0,(anonymous_16)
FNDA:0,(anonymous_17)
DA:1,1
DA:2,1
DA:4,1
DA:6,1
DA:7,1
DA:8,1
DA:9,1
DA:10,1
DA:30,1
DA:31,0
DA:34,0
DA:48,0
DA:50,0
DA:57,1
LF:14
LH:10
BRDA:48,0,0,0
BRDA:48,0,1,0
BRF:2
BRH:0
end_of_record
TN:
SF:src/components/Sidebar/Sidebar.tsx
FN:6,(anonymous_1)
FNF:1
FNH:0
FNDA:0,(anonymous_1)
DA:1,1
DA:2,1
DA:3,1
DA:4,1
DA:6,1
DA:7,0
DA:9,0
DA:30,1
LF:8
LH:6
BRDA:17,0,0,0
BRDA:17,0,1,0
BRF:2
BRH:0
end_of_record
TN:
SF:src/components/Sidebar/UserCityList/UserCityList.tsx
FN:18,(anonymous_1)
FN:39,(anonymous_2)
FNF:2
FNH:1
FNDA:1,(anonymous_1)
FNDA:0,(anonymous_2)
DA:1,1
DA:3,1
DA:4,1
DA:5,1
DA:6,1
DA:18,1
DA:19,1
DA:20,1
DA:23,1
DA:40,0
DA:55,1
DA:56,1
DA:58,1
LF:13
LH:12
BRDA:28,0,0,1
BRDA:28,0,1,0
BRDA:32,1,0,0
BRDA:32,1,1,0
BRDA:38,2,0,0
BRDA:38,2,1,1
BRF:6
BRH:2
end_of_record
TN:
SF:src/components/Sidebar/UserCityList/UserCityListItem.tsx
FN:21,(anonymous_1)
FN:43,(anonymous_2)
FN:56,(anonymous_3)
FNF:3
FNH:0
FNDA:0,(anonymous_1)
FNDA:0,(anonymous_2)
FNDA:0,(anonymous_3)
DA:2,1
DA:3,1
DA:4,1
DA:5,1
DA:6,1
DA:7,1
DA:8,1
DA:9,1
DA:10,1
DA:21,1
DA:29,0
DA:36,0
DA:37,0
DA:39,0
DA:43,0
DA:44,0
DA:45,0
DA:48,0
DA:50,0
DA:56,0
DA:76,1
LF:21
LH:11
BRDA:36,0,0,0
BRDA:36,0,1,0
BRDA:39,1,0,0
BRDA:39,1,1,0
BRDA:39,1,2,0
BRDA:39,2,0,0
BRDA:39,2,1,0
BRDA:39,2,2,0
BRDA:39,2,3,0
BRDA:54,3,0,0
BRDA:54,3,1,0
BRDA:61,4,0,0
BRDA:61,4,1,0
BRDA:69,5,0,0
BRDA:69,5,1,0
BRF:15
BRH:0
end_of_record
TN:
SF:src/components/UI/Button.tsx
FN:41,(anonymous_0)
FNF:1
FNH:1
FNDA:2,(anonymous_0)
DA:1,2
DA:3,2
DA:4,2
DA:6,2
DA:41,2
DA:42,2
DA:45,2
LF:7
LH:7
BRF:0
BRH:0
end_of_record
TN:
SF:src/components/UI/ControlToggler.tsx
FN:19,(anonymous_0)
FNF:1
FNH:0
FNDA:0,(anonymous_0)
DA:1,1
DA:2,1
DA:6,1
DA:19,1
DA:20,0
DA:22,0
DA:23,0
DA:25,0
DA:26,0
DA:27,0
DA:29,0
DA:31,0
DA:32,0
DA:33,0
DA:35,0
DA:38,0
DA:41,0
DA:73,1
LF:18
LH:5
BRDA:22,0,0,0
BRDA:22,0,1,0
BRDA:23,1,0,0
BRDA:23,1,1,0
BRDA:25,2,0,0
BRDA:25,2,1,0
BRDA:26,3,0,0
BRDA:26,3,1,0
BRDA:31,4,0,0
BRDA:31,4,1,0
BRDA:32,5,0,0
BRDA:32,5,1,0
BRDA:49,6,0,0
BRDA:49,6,1,0
BRDA:57,7,0,0
BRDA:57,7,1,0
BRDA:65,8,0,0
BRDA:65,8,1,0
BRF:18
BRH:0
end_of_record
TN:
SF:src/components/UI/WithLoading.tsx
FN:13,(anonymous_1)
FN:17,(anonymous_2)
FNF:2
FNH:1
FNDA:3,(anonymous_1)
FNDA:0,(anonymous_2)
DA:1,1
DA:2,1
DA:3,1
DA:13,1
DA:17,3
DA:18,0
DA:19,0
DA:21,0
DA:22,0
DA:23,0
DA:33,0
DA:34,0
DA:36,0
DA:42,3
DA:45,1
LF:15
LH:7
BRDA:19,0,0,0
BRDA:19,0,1,0
BRDA:21,1,0,0
BRDA:22,2,0,0
BRDA:33,3,0,0
BRDA:33,4,0,0
BRDA:33,4,1,0
BRDA:38,5,0,0
BRDA:38,5,1,0
BRF:9
BRH:0
end_of_record
TN:
SF:src/components/UI/WithMemo.tsx
FN:3,(anonymous_0)
FNF:1
FNH:1
FNDA:1,(anonymous_0)
DA:1,1
DA:3,1
DA:5,1
DA:7,1
LF:4
LH:4
BRF:0
BRH:0
end_of_record
TN:
SF:src/components/UI/Global/SpanText.tsx
FN:18,(anonymous_0)
FNF:1
FNH:0
FNDA:0,(anonymous_0)
DA:18,1
DA:19,0
DA:21,0
DA:28,1
LF:4
LH:2
BRDA:18,0,0,0
BRF:1
BRH:0
end_of_record
TN:
SF:src/components/UI/Global/Wrapper.tsx
FN:16,(anonymous_0)
FNF:1
FNH:1
FNDA:1,(anonymous_0)
DA:1,1
DA:16,1
DA:17,1
DA:18,1
DA:25,1
DA:27,1
LF:6
LH:6
BRF:0
BRH:0
end_of_record
TN:
SF:src/components/UI/SkeletonLoader/Skeleton.tsx
FN:1,(anonymous_0)
FNF:1
FNH:1
FNDA:7,(anonymous_0)
DA:1,2
DA:2,7
DA:10,2
LF:3
LH:3
BRF:0
BRH:0
end_of_record
TN:
SF:src/components/UI/SvgScale/SvgScale.tsx
FN:17,(anonymous_0)
FN:52,(anonymous_1)
FNF:2
FNH:2
FNDA:12,(anonymous_0)
FNDA:33,(anonymous_1)
DA:17,1
DA:18,12
DA:19,12
DA:25,12
DA:27,12
DA:33,12
DA:43,12
DA:53,33
DA:54,33
DA:55,33
DA:79,1
LF:11
LH:11
BRDA:25,0,0,3
BRDA:25,0,1,9
BRDA:33,1,0,12
BRDA:33,1,1,0
BRF:4
BRH:3
end_of_record
TN:
SF:src/components/WeatherDetails/Search/Search.tsx
FN:15,(anonymous_1)
FN:36,(anonymous_2)
FNF:2
FNH:0
FNDA:0,(anonymous_1)
FNDA:0,(anonymous_2)
DA:1,1
DA:2,1
DA:3,1
DA:4,1
DA:15,1
DA:24,0
DA:25,0
DA:37,0
DA:57,1
DA:59,1
LF:10
LH:7
BRDA:27,0,0,0
BRDA:27,0,1,0
BRDA:46,1,0,0
BRDA:46,1,1,0
BRF:4
BRH:0
end_of_record
TN:
SF:src/components/WeatherDetails/Search/SearchForm.tsx
FN:44,(anonymous_1)
FN:63,(anonymous_2)
FN:83,(anonymous_3)
FNF:3
FNH:0
FNDA:0,(anonymous_1)
FNDA:0,(anonymous_2)
FNDA:0,(anonymous_3)
DA:2,1
DA:44,1
DA:45,0
DA:63,1
DA:64,0
DA:83,1
DA:84,0
DA:96,1
DA:97,1
DA:99,1
LF:10
LH:7
BRDA:50,0,0,0
BRDA:50,0,1,0
BRF:2
BRH:0
end_of_record
TN:
SF:src/components/WeatherDetails/Search/SearchList.tsx
FN:50,(anonymous_1)
FN:64,(anonymous_2)
FN:80,(anonymous_3)
FN:92,(anonymous_4)
FN:106,(anonymous_5)
FN:120,(anonymous_6)
FNF:6
FNH:0
FNDA:0,(anonymous_1)
FNDA:0,(anonymous_2)
FNDA:0,(anonymous_3)
FNDA:0,(anonymous_4)
FNDA:0,(anonymous_5)
FNDA:0,(anonymous_6)
DA:2,1
DA:4,1
DA:5,1
DA:50,1
DA:51,0
DA:64,1
DA:65,0
DA:80,1
DA:87,0
DA:92,0
DA:106,1
DA:107,0
DA:120,1
DA:121,0
DA:126,1
DA:127,1
DA:128,1
DA:129,1
DA:131,1
LF:19
LH:13
BRDA:52,0,0,0
BRDA:52,0,1,0
BRDA:65,1,0,0
BRDA:65,1,1,0
BRDA:90,2,0,0
BRDA:90,2,1,0
BRDA:94,3,0,0
BRDA:94,3,1,0
BRDA:108,4,0,0
BRDA:108,4,1,0
BRDA:122,5,0,0
BRDA:122,5,1,0
BRF:12
BRH:0
end_of_record
TN:
SF:src/context/Metric.context.tsx
FN:25,(anonymous_0)
FN:26,(anonymous_1)
FN:37,(anonymous_2)
FN:41,(anonymous_3)
FN:42,(anonymous_4)
FN:59,(anonymous_5)
FNF:6
FNH:0
FNDA:0,(anonymous_0)
FNDA:0,(anonymous_1)
FNDA:0,(anonymous_2)
FNDA:0,(anonymous_3)
FNDA:0,(anonymous_4)
FNDA:0,(anonymous_5)
DA:1,1
DA:14,1
DA:16,1
DA:25,1
DA:26,0
DA:27,0
DA:28,0
DA:29,0
DA:30,0
DA:31,0
DA:34,0
DA:37,0
DA:38,0
DA:41,0
DA:42,0
DA:48,0
DA:59,1
DA:60,0
DA:61,0
DA:62,0
DA:64,0
LF:21
LH:5
BRDA:28,0,0,0
BRDA:30,1,0,0
BRDA:44,2,0,0
BRDA:44,2,1,0
BRDA:61,3,0,0
BRF:5
BRH:0
end_of_record
TN:
SF:src/context/Theme.context.tsx
FN:42,(anonymous_0)
FN:56,(anonymous_1)
FN:57,(anonymous_2)
FN:68,(anonymous_3)
FN:73,(anonymous_4)
FN:74,(anonymous_5)
FN:95,(anonymous_6)
FNF:7
FNH:0
FNDA:0,(anonymous_0)
FNDA:0,(anonymous_1)
FNDA:0,(anonymous_2)
FNDA:0,(anonymous_3)
FNDA:0,(anonymous_4)
FNDA:0,(anonymous_5)
FNDA:0,(anonymous_6)
DA:1,1
DA:40,1
DA:42,1
DA:43,0
DA:46,1
DA:56,1
DA:57,0
DA:58,0
DA:59,0
DA:60,0
DA:61,0
DA:62,0
DA:65,0
DA:68,0
DA:69,0
DA:70,0
DA:73,0
DA:74,0
DA:80,0
DA:95,1
DA:96,0
DA:97,0
DA:98,0
DA:100,0
LF:24
LH:6
BRDA:43,0,0,0
BRDA:43,0,1,0
BRDA:59,1,0,0
BRDA:61,2,0,0
BRDA:76,3,0,0
BRDA:76,3,1,0
BRDA:97,4,0,0
BRF:7
BRH:0
end_of_record
TN:
SF:src/context/WeatherData.context.tsx
FN:53,(anonymous_0)
FN:61,(anonymous_1)
FN:83,(anonymous_2)
FN:108,(anonymous_3)
FN:114,(anonymous_4)
FN:139,(anonymous_5)
FN:142,(anonymous_6)
FN:169,(anonymous_7)
FN:188,(anonymous_8)
FN:192,(anonymous_9)
FN:218,(anonymous_10)
FN:221,(anonymous_11)
FN:246,(anonymous_12)
FN:250,(anonymous_13)
FN:294,(anonymous_14)
FN:298,(anonymous_15)
FN:325,(anonymous_16)
FN:328,(anonymous_17)
FN:334,(anonymous_18)
FN:351,(anonymous_19)
FN:354,(anonymous_20)
FN:380,(anonymous_21)
FN:383,(anonymous_22)
FN:399,(anonymous_23)
FN:402,(anonymous_24)
FN:423,(anonymous_25)
FN:426,(anonymous_26)
FN:463,(anonymous_27)
FN:466,(anonymous_28)
FN:485,(anonymous_29)
FN:489,(anonymous_30)
FN:518,(anonymous_31)
FN:521,(anonymous_32)
FN:541,(anonymous_33)
FN:545,(anonymous_34)
FN:569,(anonymous_35)
FN:573,(anonymous_36)
FN:581,(anonymous_37)
FN:585,(anonymous_38)
FN:594,(anonymous_39)
FN:653,(anonymous_40)
FN:657,(anonymous_41)
FN:662,(anonymous_42)
FN:702,(anonymous_43)
FN:706,(anonymous_44)
FN:739,(anonymous_45)
FN:743,(anonymous_46)
FN:746,(anonymous_47)
FN:794,(anonymous_48)
FN:798,(anonymous_49)
FNF:50
FNH:0
FNDA:0,(anonymous_0)
FNDA:0,(anonymous_1)
FNDA:0,(anonymous_2)
FNDA:0,(anonymous_3)
FNDA:0,(anonymous_4)
FNDA:0,(anonymous_5)
FNDA:0,(anonymous_6)
FNDA:0,(anonymous_7)
FNDA:0,(anonymous_8)
FNDA:0,(anonymous_9)
FNDA:0,(anonymous_10)
FNDA:0,(anonymous_11)
FNDA:0,(anonymous_12)
FNDA:0,(anonymous_13)
FNDA:0,(anonymous_14)
FNDA:0,(anonymous_15)
FNDA:0,(anonymous_16)
FNDA:0,(anonymous_17)
FNDA:0,(anonymous_18)
FNDA:0,(anonymous_19)
FNDA:0,(anonymous_20)
FNDA:0,(anonymous_21)
FNDA:0,(anonymous_22)
FNDA:0,(anonymous_23)
FNDA:0,(anonymous_24)
FNDA:0,(anonymous_25)
FNDA:0,(anonymous_26)
FNDA:0,(anonymous_27)
FNDA:0,(anonymous_28)
FNDA:0,(anonymous_29)
FNDA:0,(anonymous_30)
FNDA:0,(anonymous_31)
FNDA:0,(anonymous_32)
FNDA:0,(anonymous_33)
FNDA:0,(anonymous_34)
FNDA:0,(anonymous_35)
FNDA:0,(anonymous_36)
FNDA:0,(anonymous_37)
FNDA:0,(anonymous_38)
FNDA:0,(anonymous_39)
FNDA:0,(anonymous_40)
FNDA:0,(anonymous_41)
FNDA:0,(anonymous_42)
FNDA:0,(anonymous_43)
FNDA:0,(anonymous_44)
FNDA:0,(anonymous_45)
FNDA:0,(anonymous_46)
FNDA:0,(anonymous_47)
FNDA:0,(anonymous_48)
FNDA:0,(anonymous_49)
DA:1,1
DA:2,1
DA:3,1
DA:5,1
DA:6,1
DA:7,1
DA:12,1
DA:13,1
DA:14,1
DA:15,1
DA:19,1
DA:20,1
DA:24,1
DA:25,1
DA:26,1
DA:51,1
DA:53,1
DA:54,0
DA:55,0
DA:56,0
DA:57,0
DA:58,0
DA:59,0
DA:61,0
DA:62,0
DA:69,0
DA:70,0
DA:71,0
DA:75,0
DA:80,0
DA:84,0
DA:101,0
DA:108,1
DA:109,0
DA:110,0
DA:111,0
DA:113,0
DA:114,0
DA:139,1
DA:140,0
DA:142,0
DA:143,0
DA:145,0
DA:146,0
DA:150,0
DA:167,1
DA:169,1
DA:170,0
DA:188,1
DA:189,0
DA:190,0
DA:192,0
DA:193,0
DA:194,0
DA:196,0
DA:197,0
DA:198,0
DA:199,0
DA:200,0
DA:218,1
DA:219,0
DA:221,0
DA:222,0
DA:223,0
DA:225,0
DA:226,0
DA:228,0
DA:246,1
DA:247,0
DA:248,0
DA:250,0
DA:251,0
DA:255,0
DA:260,0
DA:262,0
DA:263,0
DA:266,0
DA:268,0
DA:294,1
DA:295,0
DA:296,0
DA:298,0
DA:299,0
DA:301,0
DA:303,0
DA:325,1
DA:326,0
DA:328,0
DA:329,0
DA:330,0
DA:331,0
DA:332,0
DA:334,0
DA:335,0
DA:337,0
DA:351,1
DA:352,0
DA:354,0
DA:355,0
DA:357,0
DA:359,0
DA:380,1
DA:381,0
DA:383,0
DA:384,0
DA:385,0
DA:387,0
DA:399,1
DA:400,0
DA:402,0
DA:403,0
DA:405,0
DA:423,1
DA:424,0
DA:426,0
DA:427,0
DA:432,0
DA:434,0
DA:463,1
DA:464,0
DA:466,0
DA:467,0
DA:468,0
DA:485,1
DA:486,0
DA:487,0
DA:489,0
DA:490,0
DA:492,0
DA:493,0
DA:518,1
DA:519,0
DA:521,0
DA:522,0
DA:523,0
DA:541,1
DA:542,0
DA:543,0
DA:545,0
DA:546,0
DA:547,0
DA:569,1
DA:570,0
DA:571,0
DA:573,0
DA:574,0
DA:576,0
DA:578,0
DA:580,0
DA:581,0
DA:584,0
DA:585,0
DA:589,0
DA:590,0
DA:592,0
DA:594,0
DA:596,0
DA:597,0
DA:600,0
DA:603,0
DA:606,0
DA:622,0
DA:631,0
DA:633,0
DA:653,1
DA:654,0
DA:655,0
DA:657,0
DA:658,0
DA:660,0
DA:662,0
DA:663,0
DA:664,0
DA:702,1
DA:703,0
DA:704,0
DA:706,0
DA:707,0
DA:708,0
DA:709,0
DA:739,1
DA:740,0
DA:741,0
DA:743,0
DA:744,0
DA:745,0
DA:746,0
DA:754,0
DA:760,0
DA:794,1
DA:795,0
DA:796,0
DA:798,0
DA:799,0
DA:801,0
DA:803,0
LF:196
LH:39
BRDA:62,0,0,0
BRDA:62,0,1,0
BRDA:63,1,0,0
BRDA:63,1,1,0
BRDA:63,1,2,0
BRDA:63,1,3,0
BRDA:63,1,4,0
BRDA:63,1,5,0
BRDA:70,2,0,0
BRDA:70,3,0,0
BRDA:70,3,1,0
BRDA:70,3,2,0
BRDA:70,3,3,0
BRDA:81,4,0,0
BRDA:81,4,1,0
BRDA:81,4,2,0
BRDA:84,5,0,0
BRDA:84,5,1,0
BRDA:110,6,0,0
BRDA:143,7,0,0
BRDA:146,8,0,0
BRDA:146,8,1,0
BRDA:152,9,0,0
BRDA:152,9,1,0
BRDA:153,10,0,0
BRDA:153,10,1,0
BRDA:193,11,0,0
BRDA:193,12,0,0
BRDA:193,12,1,0
BRDA:202,13,0,0
BRDA:202,13,1,0
BRDA:223,14,0,0
BRDA:226,15,0,0
BRDA:226,15,1,0
BRDA:251,16,0,0
BRDA:252,17,0,0
BRDA:252,17,1,0
BRDA:263,18,0,0
BRDA:263,18,1,0
BRDA:299,19,0,0
BRDA:305,20,0,0
BRDA:305,20,1,0
BRDA:329,21,0,0
BRDA:329,22,0,0
BRDA:329,22,1,0
BRDA:355,23,0,0
BRDA:384,24,0,0
BRDA:384,25,0,0
BRDA:384,25,1,0
BRDA:403,26,0,0
BRDA:427,27,0,0
BRDA:428,28,0,0
BRDA:428,28,1,0
BRDA:428,28,2,0
BRDA:467,29,0,0
BRDA:490,30,0,0
BRDA:496,31,0,0
BRDA:496,31,1,0
BRDA:498,32,0,0
BRDA:498,32,1,0
BRDA:522,33,0,0
BRDA:546,34,0,0
BRDA:574,35,0,0
BRDA:581,36,0,0
BRDA:581,36,1,0
BRDA:585,37,0,0
BRDA:585,37,1,0
BRDA:658,38,0,0
BRDA:707,39,0,0
BRDA:744,40,0,0
BRDA:751,41,0,0
BRDA:751,41,1,0
BRDA:799,42,0,0
BRDA:799,43,0,0
BRDA:799,43,1,0
BRDA:808,44,0,0
BRDA:808,44,1,0
BRF:77
BRH:0
end_of_record
TN:
SF:src/hooks/useCityName.ts
FN:4,(anonymous_0)
FN:9,(anonymous_1)
FNF:2
FNH:0
FNDA:0,(anonymous_0)
FNDA:0,(anonymous_1)
DA:1,1
DA:2,1
DA:4,1
DA:5,0
DA:7,0
DA:9,0
DA:10,0
DA:11,0
DA:13,0
DA:21,0
DA:24,0
DA:28,0
LF:12
LH:3
BRDA:11,0,0,0
BRDA:24,1,0,0
BRDA:24,1,1,0
BRDA:25,2,0,0
BRDA:25,2,1,0
BRDA:30,3,0,0
BRDA:30,3,1,0
BRF:7
BRH:0
end_of_record
TN:
SF:src/hooks/useScroll.ts
FN:3,(anonymous_0)
FN:6,(anonymous_1)
FN:7,(anonymous_2)
FN:16,(anonymous_3)
FNF:4
FNH:0
FNDA:0,(anonymous_0)
FNDA:0,(anonymous_1)
FNDA:0,(anonymous_2)
FNDA:0,(anonymous_3)
DA:1,1
DA:3,1
DA:4,0
DA:6,0
DA:7,0
DA:8,0
DA:9,0
DA:11,0
DA:15,0
DA:16,0
DA:19,0
LF:11
LH:2
BRDA:8,0,0,0
BRDA:8,0,1,0
BRF:2
BRH:0
end_of_record
TN:
SF:src/hooks/useSearch.ts
FN:37,(anonymous_0)
FN:42,(anonymous_1)
FN:48,(anonymous_2)
FN:56,(anonymous_3)
FN:65,(anonymous_4)
FN:86,(anonymous_5)
FN:91,(anonymous_6)
FN:105,(anonymous_7)
FN:118,(anonymous_8)
FN:128,(anonymous_9)
FNF:10
FNH:0
FNDA:0,(anonymous_0)
FNDA:0,(anonymous_1)
FNDA:0,(anonymous_2)
FNDA:0,(anonymous_3)
FNDA:0,(anonymous_4)
FNDA:0,(anonymous_5)
FNDA:0,(anonymous_6)
FNDA:0,(anonymous_7)
FNDA:0,(anonymous_8)
FNDA:0,(anonymous_9)
DA:1,1
DA:2,1
DA:3,1
DA:4,1
DA:5,1
DA:6,1
DA:37,1
DA:38,0
DA:39,0
DA:40,0
DA:42,0
DA:43,0
DA:44,0
DA:47,0
DA:48,0
DA:56,0
DA:57,0
DA:65,0
DA:69,0
DA:70,0
DA:71,0
DA:77,0
DA:78,0
DA:79,0
DA:86,0
DA:89,0
DA:90,0
DA:91,0
DA:92,0
DA:94,0
DA:95,0
DA:97,0
DA:105,0
DA:106,0
DA:107,0
DA:108,0
DA:109,0
DA:111,0
DA:118,0
DA:119,0
DA:120,0
DA:122,0
DA:123,0
DA:125,0
DA:128,0
DA:129,0
DA:130,0
DA:134,0
LF:48
LH:7
BRDA:77,0,0,0
BRDA:107,1,0,0
BRDA:107,2,0,0
BRDA:107,2,1,0
BRDA:120,3,0,0
BRDA:122,4,0,0
BRDA:122,4,1,0
BRDA:122,5,0,0
BRDA:122,5,1,0
BRDA:125,6,0,0
BRDA:125,6,1,0
BRDA:129,7,0,0
BRF:12
BRH:0
end_of_record
TN:
SF:src/pages/home.tsx
FN:5,(anonymous_1)
FNF:1
FNH:0
FNDA:0,(anonymous_1)
DA:1,1
DA:2,1
DA:3,1
DA:5,1
DA:6,0
DA:7,0
DA:15,1
LF:7
LH:5
BRDA:10,0,0,0
BRDA:10,0,1,0
BRF:2
BRH:0
end_of_record
TN:
SF:src/pages/Weather/WeatherPage.tsx
FN:5,(anonymous_7)
FN:5,(anonymous_8)
FN:7,(anonymous_9)
FNF:3
FNH:0
FNDA:0,(anonymous_7)
FNDA:0,(anonymous_8)
FNDA:0,(anonymous_9)
DA:1,1
DA:2,1
DA:3,1
DA:5,1
DA:7,1
DA:8,0
DA:23,1
LF:7
LH:6
BRF:0
BRH:0
end_of_record
TN:
SF:src/pages/Weather/header/Header.tsx
FN:14,(anonymous_1)
FN:17,(anonymous_2)
FNF:2
FNH:0
FNDA:0,(anonymous_1)
FNDA:0,(anonymous_2)
DA:1,1
DA:2,1
DA:3,1
DA:4,1
DA:5,1
DA:6,1
DA:7,1
DA:8,1
DA:14,1
DA:15,0
DA:17,0
DA:18,0
DA:21,0
DA:47,1
DA:48,1
DA:49,1
DA:50,1
DA:51,1
DA:52,1
DA:54,1
LF:20
LH:16
BRF:0
BRH:0
end_of_record
TN:
SF:src/pages/Weather/header/HeaderContainer.tsx
FN:16,(anonymous_0)
FNF:1
FNH:0
FNDA:0,(anonymous_0)
DA:1,1
DA:2,1
DA:16,1
DA:17,0
DA:18,0
DA:31,1
LF:6
LH:4
BRDA:22,0,0,0
BRDA:22,0,1,0
BRF:2
BRH:0
end_of_record
TN:
SF:src/pages/Weather/header/HeaderLoader.tsx
FN:8,(anonymous_0)
FNF:1
FNH:0
FNDA:0,(anonymous_0)
DA:8,1
DA:9,0
DA:18,1
LF:3
LH:2
BRF:0
BRH:0
end_of_record
TN:
SF:src/pages/Weather/header/HeaderWeatherContent.tsx
FN:14,(anonymous_1)
FNF:1
FNH:0
FNDA:0,(anonymous_1)
DA:2,1
DA:3,1
DA:14,1
DA:15,0
DA:24,1
LF:5
LH:4
BRF:0
BRH:0
end_of_record
TN:
SF:src/pages/Weather/header/HeaderWrapper.tsx
FN:19,(anonymous_0)
FNF:1
FNH:0
FNDA:0,(anonymous_0)
DA:19,1
DA:20,0
DA:27,1
LF:3
LH:2
BRF:0
BRH:0
end_of_record
TN:
SF:src/router/index.tsx
FNF:0
FNH:0
DA:1,1
DA:2,1
DA:3,1
DA:4,1
DA:6,1
DA:25,1
LF:6
LH:6
BRF:0
BRH:0
end_of_record
TN:
SF:src/router/routes.const.ts
FNF:0
FNH:0
DA:1,2
LF:1
LH:1
BRF:0
BRH:0
end_of_record
TN:
SF:src/utils/cn.ts
FN:9,(anonymous_0)
FNF:1
FNH:1
FNDA:2,(anonymous_0)
DA:1,2
DA:2,2
DA:9,2
LF:3
LH:3
BRF:0
BRH:0
end_of_record
TN:
SF:src/utils/constructUrl.ts
FN:10,(anonymous_0)
FN:18,(anonymous_1)
FN:19,(anonymous_2)
FN:27,(anonymous_3)
FN:29,(anonymous_4)
FNF:5
FNH:0
FNDA:0,(anonymous_0)
FNDA:0,(anonymous_1)
FNDA:0,(anonymous_2)
FNDA:0,(anonymous_3)
FNDA:0,(anonymous_4)
DA:10,1
DA:17,0
DA:18,0
DA:19,0
DA:24,0
DA:27,0
DA:30,0
DA:36,0
DA:39,0
LF:9
LH:1
BRDA:14,0,0,0
BRDA:18,1,0,0
BRDA:18,1,1,0
BRDA:24,2,0,0
BRDA:24,2,1,0
BRDA:27,3,0,0
BRDA:27,3,1,0
BRDA:36,4,0,0
BRDA:36,4,1,0
BRDA:39,5,0,0
BRDA:39,5,1,0
BRF:11
BRH:0
end_of_record
TN:
SF:src/utils/debounce.ts
FN:25,debounce
FN:31,(anonymous_1)
FN:34,(anonymous_2)
FNF:3
FNH:1
FNDA:1,debounce
FNDA:0,(anonymous_1)
FNDA:0,(anonymous_2)
DA:25,1
DA:31,1
DA:32,0
DA:34,0
DA:35,0
LF:5
LH:2
BRF:0
BRH:0
end_of_record
TN:
SF:src/utils/services/converter/metric.converter.ts
FN:19,(anonymous_0)
FN:39,(anonymous_1)
FN:68,(anonymous_2)
FN:91,(anonymous_3)
FN:108,(anonymous_4)
FN:113,(anonymous_5)
FN:123,(anonymous_6)
FNF:7
FNH:0
FNDA:0,(anonymous_0)
FNDA:0,(anonymous_1)
FNDA:0,(anonymous_2)
FNDA:0,(anonymous_3)
FNDA:0,(anonymous_4)
FNDA:0,(anonymous_5)
FNDA:0,(anonymous_6)
DA:12,1
DA:20,0
DA:21,0
DA:25,0
DA:26,0
DA:44,0
DA:45,0
DA:50,0
DA:51,0
DA:57,0
DA:69,0
DA:70,0
DA:74,0
DA:75,0
DA:80,0
DA:96,0
DA:98,0
DA:113,0
DA:124,0
DA:126,0
LF:20
LH:1
BRDA:20,0,0,0
BRDA:25,1,0,0
BRDA:25,2,0,0
BRDA:25,2,1,0
BRDA:25,2,2,0
BRDA:42,3,0,0
BRDA:44,4,0,0
BRDA:44,4,1,0
BRDA:48,5,0,0
BRDA:48,5,1,0
BRDA:48,6,0,0
BRDA:48,6,1,0
BRDA:48,7,0,0
BRDA:48,7,1,0
BRDA:50,8,0,0
BRDA:50,8,1,0
BRDA:54,9,0,0
BRDA:54,9,1,0
BRDA:54,10,0,0
BRDA:54,10,1,0
BRDA:54,11,0,0
BRDA:54,11,1,0
BRDA:68,12,0,0
BRDA:69,13,0,0
BRDA:69,13,1,0
BRDA:72,14,0,0
BRDA:72,14,1,0
BRDA:74,15,0,0
BRDA:74,15,1,0
BRDA:77,16,0,0
BRDA:77,16,1,0
BRDA:94,17,0,0
BRDA:111,18,0,0
BRDA:123,19,0,0
BRF:34
BRH:0
end_of_record
TN:
SF:src/utils/services/curves/popup.weather.service.ts
FN:11,(anonymous_0)
FN:14,(anonymous_1)
FN:27,(anonymous_2)
FN:31,(anonymous_3)
FN:37,(anonymous_4)
FN:54,(anonymous_5)
FN:73,(anonymous_6)
FN:112,(anonymous_7)
FN:113,(anonymous_8)
FN:114,(anonymous_9)
FN:118,(anonymous_10)
FN:132,(anonymous_11)
FN:133,(anonymous_12)
FN:136,(anonymous_13)
FN:143,(anonymous_14)
FNF:15
FNH:0
FNDA:0,(anonymous_0)
FNDA:0,(anonymous_1)
FNDA:0,(anonymous_2)
FNDA:0,(anonymous_3)
FNDA:0,(anonymous_4)
FNDA:0,(anonymous_5)
FNDA:0,(anonymous_6)
FNDA:0,(anonymous_7)
FNDA:0,(anonymous_8)
FNDA:0,(anonymous_9)
FNDA:0,(anonymous_10)
FNDA:0,(anonymous_11)
FNDA:0,(anonymous_12)
FNDA:0,(anonymous_13)
FNDA:0,(anonymous_14)
DA:2,1
DA:3,1
DA:6,1
DA:7,0
DA:8,0
DA:10,0
DA:11,0
DA:12,0
DA:13,0
DA:15,0
DA:16,0
DA:17,0
DA:18,0
DA:19,0
DA:20,0
DA:21,0
DA:22,0
DA:23,0
DA:24,0
DA:28,0
DA:32,0
DA:33,0
DA:35,0
DA:36,0
DA:37,0
DA:38,0
DA:39,0
DA:40,0
DA:55,0
DA:57,0
DA:58,0
DA:59,0
DA:60,0
DA:61,0
DA:63,0
DA:71,0
DA:74,0
DA:79,0
DA:81,0
DA:83,0
DA:84,0
DA:85,0
DA:86,0
DA:87,0
DA:88,0
DA:89,0
DA:90,0
DA:94,0
DA:95,0
DA:100,0
DA:109,0
DA:113,0
DA:114,0
DA:115,0
DA:116,0
DA:119,0
DA:120,0
DA:122,0
DA:123,0
DA:130,0
DA:133,0
DA:137,0
DA:144,0
DA:145,0
DA:146,0
LF:65
LH:3
BRDA:85,0,0,0
BRDA:85,0,1,0
BRDA:87,1,0,0
BRDA:89,2,0,0
BRDA:89,2,1,0
BRDA:94,3,0,0
BRDA:94,3,1,0
BRF:7
BRH:0
end_of_record
TN:
SF:src/utils/services/curves/svgChart.abstract.ts
FN:23,(anonymous_0)
FN:41,(anonymous_1)
FN:86,(anonymous_2)
FNF:3
FNH:0
FNDA:0,(anonymous_0)
FNDA:0,(anonymous_1)
FNDA:0,(anonymous_2)
DA:11,1
DA:14,0
DA:15,0
DA:17,0
DA:18,0
DA:19,0
DA:21,0
DA:24,0
DA:25,0
DA:26,0
DA:27,0
DA:43,0
DA:45,0
DA:47,0
DA:49,0
DA:51,0
DA:52,0
DA:53,0
DA:54,0
DA:55,0
DA:56,0
DA:57,0
DA:58,0
DA:60,0
DA:62,0
DA:63,0
DA:69,0
DA:87,0
DA:88,0
DA:89,0
DA:90,0
DA:99,0
LF:32
LH:1
BRDA:43,0,0,0
BRDA:43,0,1,0
BRDA:51,1,0,0
BRDA:51,1,1,0
BRDA:54,2,0,0
BRDA:54,2,1,0
BRDA:62,3,0,0
BRDA:86,4,0,0
BRDA:89,5,0,0
BRDA:99,6,0,0
BRDA:99,6,1,0
BRF:11
BRH:0
end_of_record
TN:
SF:src/utils/services/definitions/daily.temp.definition.ts
FN:57,(anonymous_0)
FN:58,(anonymous_1)
FNF:2
FNH:0
FNDA:0,(anonymous_0)
FNDA:0,(anonymous_1)
DA:8,1
DA:17,1
DA:57,1
DA:58,0
LF:4
LH:3
BRDA:58,0,0,0
BRDA:58,0,1,0
BRF:2
BRH:0
end_of_record
TN:
SF:src/utils/services/definitions/daily.temp.scale.ts
FN:22,(anonymous_0)
FNF:1
FNH:0
FNDA:0,(anonymous_0)
DA:22,1
DA:28,0
DA:30,0
LF:3
LH:1
BRF:0
BRH:0
end_of_record
TN:
SF:src/utils/services/definitions/pressure.definition.ts
FN:42,(anonymous_0)
FN:54,(anonymous_1)
FNF:2
FNH:0
FNDA:0,(anonymous_0)
FNDA:0,(anonymous_1)
DA:42,1
DA:43,0
DA:44,0
DA:45,0
DA:46,0
DA:47,0
DA:48,0
DA:49,0
DA:50,0
DA:51,0
DA:54,0
DA:55,0
DA:56,0
DA:57,0
DA:65,0
LF:15
LH:1
BRDA:42,0,0,0
BRF:1
BRH:0
end_of_record
TN:
SF:src/utils/services/definitions/sunDefinition.ts
FN:24,(anonymous_0)
FNF:1
FNH:0
FNDA:0,(anonymous_0)
DA:7,1
DA:24,1
DA:25,0
DA:29,0
DA:30,0
DA:31,0
DA:32,0
DA:35,0
DA:36,0
DA:37,0
DA:38,0
DA:40,0
LF:12
LH:2
BRDA:25,0,0,0
BRDA:25,0,1,0
BRDA:29,1,0,0
BRDA:37,2,0,0
BRDA:37,2,1,0
BRDA:38,3,0,0
BRDA:38,3,1,0
BRF:7
BRH:0
end_of_record
TN:
SF:src/utils/services/definitions/visibility.definition.ts
FN:38,(anonymous_0)
FN:39,(anonymous_1)
FNF:2
FNH:0
FNDA:0,(anonymous_0)
FNDA:0,(anonymous_1)
DA:21,1
DA:38,1
DA:39,0
DA:40,0
DA:41,0
LF:5
LH:2
BRDA:39,0,0,0
BRDA:39,0,1,0
BRDA:40,1,0,0
BRDA:40,1,1,0
BRDA:42,2,0,0
BRDA:42,2,1,0
BRF:6
BRH:0
end_of_record
TN:
SF:src/utils/services/definitions/wind.direction.ts
FN:13,(anonymous_0)
FNF:1
FNH:0
FNDA:0,(anonymous_0)
DA:13,1
DA:14,0
DA:49,0
DA:51,0
LF:4
LH:1
BRDA:13,0,0,0
BRDA:51,1,0,0
BRDA:51,1,1,0
BRF:3
BRH:0
end_of_record
TN:
SF:src/utils/services/time/time.service.ts
FN:7,(anonymous_0)
FN:12,(anonymous_1)
FN:32,(anonymous_2)
FN:63,(anonymous_3)
FN:74,(anonymous_4)
FN:85,(anonymous_5)
FN:95,(anonymous_6)
FN:106,(anonymous_7)
FN:130,(anonymous_8)
FNF:9
FNH:0
FNDA:0,(anonymous_0)
FNDA:0,(anonymous_1)
FNDA:0,(anonymous_2)
FNDA:0,(anonymous_3)
FNDA:0,(anonymous_4)
FNDA:0,(anonymous_5)
FNDA:0,(anonymous_6)
FNDA:0,(anonymous_7)
FNDA:0,(anonymous_8)
DA:3,1
DA:4,0
DA:8,0
DA:9,0
DA:13,0
DA:15,0
DA:17,0
DA:20,0
DA:33,0
DA:35,0
DA:36,0
DA:37,0
DA:38,0
DA:39,0
DA:40,0
DA:41,0
DA:43,0
DA:46,0
DA:47,0
DA:49,0
DA:50,0
DA:51,0
DA:54,0
DA:55,0
DA:64,0
DA:66,0
DA:75,0
DA:77,0
DA:86,0
DA:87,0
DA:96,0
DA:97,0
DA:107,0
DA:109,0
DA:110,0
DA:112,0
DA:113,0
DA:115,0
DA:116,0
DA:118,0
DA:119,0
DA:121,0
DA:122,0
DA:124,0
DA:125,0
DA:128,0
DA:131,0
DA:132,0
DA:134,0
LF:49
LH:1
BRDA:8,0,0,0
BRDA:8,0,1,0
BRDA:12,1,0,0
BRDA:15,2,0,0
BRDA:15,3,0,0
BRDA:15,3,1,0
BRDA:32,4,0,0
BRDA:35,5,0,0
BRDA:35,5,1,0
BRDA:37,6,0,0
BRDA:37,6,1,0
BRDA:39,7,0,0
BRDA:39,7,1,0
BRDA:47,8,0,0
BRDA:47,9,0,0
BRDA:47,9,1,0
BRDA:47,9,2,0
BRDA:107,10,0,0
BRDA:107,10,1,0
BRDA:107,10,2,0
BRDA:107,10,3,0
BRDA:107,10,4,0
BRDA:107,10,5,0
BRF:23
BRH:0
end_of_record
